\BOOKMARK [0][]{chapter.1}{\376\377\0001\000\040\000I\000N\000T\000R\000O\000D\000U\000C\000T\000I\000O\000N}{}% 1
\BOOKMARK [1][]{section.1.1}{\376\377\0001\000.\0001\000\040\000R\000e\000s\000e\000a\000r\000c\000h\000\040\000M\000o\000t\000i\000v\000a\000t\000i\000o\000n}{chapter.1}% 2
\BOOKMARK [1][]{section.1.2}{\376\377\0001\000.\0002\000\040\000G\000a\000p\000s\000\040\000i\000n\000\040\000C\000u\000r\000r\000e\000n\000t\000\040\000R\000e\000s\000e\000a\000r\000c\000h}{chapter.1}% 3
\BOOKMARK [1][]{section.1.3}{\376\377\0001\000.\0003\000\040\000E\000x\000p\000e\000c\000t\000e\000d\000\040\000S\000y\000s\000t\000e\000m}{chapter.1}% 4
\BOOKMARK [1][]{section.1.4}{\376\377\0001\000.\0004\000\040\000O\000b\000j\000e\000c\000t\000i\000v\000e\000s\000\040\000a\000n\000d\000\040\000C\000o\000n\000t\000e\000n\000t\000s}{chapter.1}% 5
\BOOKMARK [1][]{section.1.5}{\376\377\0001\000.\0005\000\040\000K\000e\000y\000\040\000C\000o\000n\000t\000r\000i\000b\000u\000t\000i\000o\000n\000s}{chapter.1}% 6
\BOOKMARK [1][]{section.1.6}{\376\377\0001\000.\0006\000\040\000T\000h\000e\000s\000i\000s\000\040\000O\000r\000g\000a\000n\000i\000z\000a\000t\000i\000o\000n}{chapter.1}% 7
\BOOKMARK [1][]{section.1.7}{\376\377\0001\000.\0007\000\040\000O\000v\000e\000r\000v\000i\000e\000w}{chapter.1}% 8
\BOOKMARK [1][]{section.1.8}{\376\377\0001\000.\0008\000\040\000S\000t\000r\000e\000a\000m\000i\000n\000g\000\040\000D\000a\000t\000a\000\040\000P\000r\000o\000c\000e\000s\000s\000i\000n\000g}{chapter.1}% 9
\BOOKMARK [1][]{section.1.9}{\376\377\0001\000.\0009\000\040\000D\000a\000t\000a\000\040\000Q\000u\000a\000l\000i\000t\000y\000\040\000F\000r\000a\000m\000e\000w\000o\000r\000k\000s\000\040\000a\000n\000d\000\040\000T\000o\000o\000l\000s}{chapter.1}% 10
\BOOKMARK [2][]{subsection.1.9.1}{\376\377\0001\000.\0009\000.\0001\000\040\000G\000r\000e\000a\000t\000\040\000E\000x\000p\000e\000c\000t\000a\000t\000i\000o\000n\000s}{section.1.9}% 11
\BOOKMARK [2][]{subsection.1.9.2}{\376\377\0001\000.\0009\000.\0002\000\040\000A\000W\000S\000\040\000D\000e\000e\000q\000u}{section.1.9}% 12
\BOOKMARK [2][]{subsection.1.9.3}{\376\377\0001\000.\0009\000.\0003\000\040\000S\000o\000d\000a\000\040\000C\000o\000r\000e}{section.1.9}% 13
\BOOKMARK [2][]{subsection.1.9.4}{\376\377\0001\000.\0009\000.\0004\000\040\000S\000t\000r\000e\000a\000m\000\040\000D\000a\000Q}{section.1.9}% 14
\BOOKMARK [1][]{section.1.10}{\376\377\0001\000.\0001\0000\000\040\000D\000A\000M\000A\000-\000D\000M\000B\000O\000K\000\040\000D\000a\000t\000a\000\040\000Q\000u\000a\000l\000i\000t\000y\000\040\000D\000i\000m\000e\000n\000s\000i\000o\000n\000s}{chapter.1}% 15
\BOOKMARK [1][]{section.1.11}{\376\377\0001\000.\0001\0001\000\040\000N\000Y\000C\000\040\000Y\000e\000l\000l\000o\000w\000\040\000T\000a\000x\000i\000\040\000D\000a\000t\000a\000s\000e\000t}{chapter.1}% 16
\BOOKMARK [2][]{subsection.1.11.1}{\376\377\0001\000.\0001\0001\000.\0001\000\040\000D\000a\000t\000a\000s\000e\000t\000\040\000S\000c\000h\000e\000m\000a}{section.1.11}% 17
\BOOKMARK [2][]{subsection.1.11.2}{\376\377\0001\000.\0001\0001\000.\0002\000\040\000D\000a\000t\000a\000\040\000V\000o\000l\000u\000m\000e\000\040\000a\000n\000d\000\040\000T\000e\000m\000p\000o\000r\000a\000l\000\040\000C\000o\000v\000e\000r\000a\000g\000e}{section.1.11}% 18
\BOOKMARK [1][]{section.1.12}{\376\377\0001\000.\0001\0002\000\040\000R\000e\000l\000a\000t\000e\000d\000\040\000W\000o\000r\000k\000s}{chapter.1}% 19
\BOOKMARK [2][]{subsection.1.12.1}{\376\377\0001\000.\0001\0002\000.\0001\000\040\000C\000o\000n\000t\000e\000x\000t\000\040\000i\000n\000\040\000D\000a\000t\000a\000\040\000Q\000u\000a\000l\000i\000t\000y}{section.1.12}% 20
\BOOKMARK [2][]{subsection.1.12.2}{\376\377\0001\000.\0001\0002\000.\0002\000\040\000D\000r\000i\000f\000t\000\040\000D\000e\000t\000e\000c\000t\000i\000o\000n}{section.1.12}% 21
\BOOKMARK [2][]{subsection.1.12.3}{\376\377\0001\000.\0001\0002\000.\0003\000\040\000M\000L\000-\000B\000a\000s\000e\000d\000\040\000A\000n\000o\000m\000a\000l\000y\000\040\000D\000e\000t\000e\000c\000t\000i\000o\000n}{section.1.12}% 22
\BOOKMARK [1][]{section.1.13}{\376\377\0001\000.\0001\0003\000\040\000C\000h\000a\000p\000t\000e\000r\000\040\000S\000u\000m\000m\000a\000r\000y}{chapter.1}% 23
\BOOKMARK [0][]{chapter.2}{\376\377\0002\000\040\000P\000R\000O\000B\000L\000E\000M\000\040\000D\000E\000F\000I\000N\000I\000T\000I\000O\000N\000\040\000A\000N\000D\000\040\000R\000E\000S\000E\000A\000R\000C\000H\000\040\000Q\000U\000E\000S\000T\000I\000O\000N\000S}{}% 24
\BOOKMARK [1][]{section.2.1}{\376\377\0002\000.\0001\000\040\000I\000n\000t\000r\000o\000d\000u\000c\000t\000i\000o\000n}{chapter.2}% 25
\BOOKMARK [1][]{section.2.2}{\376\377\0002\000.\0002\000\040\000E\000m\000p\000i\000r\000i\000c\000a\000l\000\040\000A\000n\000a\000l\000y\000s\000i\000s\000\040\000f\000r\000o\000m\000\040\000N\000Y\000C\000\040\000T\000a\000x\000i\000\040\000D\000a\000t\000a\000s\000e\000t}{chapter.2}% 26
\BOOKMARK [2][]{subsection.2.2.1}{\376\377\0002\000.\0002\000.\0001\000\040\000D\000a\000t\000a\000s\000e\000t\000\040\000O\000v\000e\000r\000v\000i\000e\000w}{section.2.2}% 27
\BOOKMARK [2][]{subsection.2.2.2}{\376\377\0002\000.\0002\000.\0002\000\040\000L\000a\000y\000e\000r\000\040\0001\000\040\040\024\000\040\000S\000c\000h\000e\000m\000a\000\040\000C\000h\000e\000c\000k\000\040\000R\000e\000s\000u\000l\000t\000s}{section.2.2}% 28
\BOOKMARK [2][]{subsection.2.2.3}{\376\377\0002\000.\0002\000.\0003\000\040\000L\000a\000y\000e\000r\000\040\0002\000\040\040\024\000\040\000H\000a\000r\000d\000\040\000R\000u\000l\000e\000s\000\040\000R\000e\000s\000u\000l\000t\000s}{section.2.2}% 29
\BOOKMARK [2][]{subsection.2.2.4}{\376\377\0002\000.\0002\000.\0004\000\040\000L\000a\000y\000e\000r\000\040\0003\000\040\040\024\000\040\000C\000o\000n\000t\000e\000x\000t\000-\000A\000w\000a\000r\000e\000\040\000R\000u\000l\000e\000s\000\040\000R\000e\000s\000u\000l\000t\000s}{section.2.2}% 30
\BOOKMARK [1][]{section.2.3}{\376\377\0002\000.\0003\000\040\000L\000a\000y\000e\000r\000\040\0004\000\040\040\024\000\040\000M\000L\000\040\000L\000a\000y\000e\000r\000\040\000S\000c\000o\000p\000e}{chapter.2}% 31
\BOOKMARK [1][]{section.2.4}{\376\377\0002\000.\0004\000\040\000R\000e\000s\000e\000a\000r\000c\000h\000\040\000G\000a\000p\000s}{chapter.2}% 32
\BOOKMARK [2][]{subsection.2.4.1}{\376\377\0002\000.\0004\000.\0001\000\040\000G\000a\000p\000\040\0001\000:\000\040\000N\000o\000\040\000F\000o\000r\000m\000a\000l\000\040\000C\000o\000n\000t\000e\000x\000t\000\040\000M\000o\000d\000e\000l}{section.2.4}% 33
\BOOKMARK [2][]{subsection.2.4.2}{\376\377\0002\000.\0004\000.\0002\000\040\000G\000a\000p\000\040\0002\000:\000\040\000N\000o\000\040\000M\000L\000\040\000I\000n\000t\000e\000g\000r\000a\000t\000i\000o\000n\000\040\000f\000o\000r\000\040\000S\000t\000r\000e\000a\000m\000i\000n\000g\000\040\000D\000Q}{section.2.4}% 34
\BOOKMARK [2][]{subsection.2.4.3}{\376\377\0002\000.\0004\000.\0003\000\040\000G\000a\000p\000\040\0003\000:\000\040\000N\000o\000\040\000S\000e\000l\000f\000-\000M\000o\000n\000i\000t\000o\000r\000i\000n\000g\000\040\000o\000f\000\040\000t\000h\000e\000\040\000D\000Q\000\040\000S\000y\000s\000t\000e\000m}{section.2.4}% 35
\BOOKMARK [1][]{section.2.5}{\376\377\0002\000.\0005\000\040\000R\000e\000s\000e\000a\000r\000c\000h\000\040\000Q\000u\000e\000s\000t\000i\000o\000n\000s}{chapter.2}% 36
\BOOKMARK [2][]{subsection.2.5.1}{\376\377\0002\000.\0005\000.\0001\000\040\000R\000Q\0001\000:\000\040\000F\000o\000r\000m\000a\000l\000\040\000C\000o\000n\000t\000e\000x\000t\000\040\000M\000o\000d\000e\000l}{section.2.5}% 37
\BOOKMARK [2][]{subsection.2.5.2}{\376\377\0002\000.\0005\000.\0002\000\040\000R\000Q\0002\000:\000\040\000M\000L\000\040\000A\000n\000o\000m\000a\000l\000y\000\040\000D\000e\000t\000e\000c\000t\000i\000o\000n}{section.2.5}% 38
\BOOKMARK [2][]{subsection.2.5.3}{\376\377\0002\000.\0005\000.\0003\000\040\000R\000Q\0003\000:\000\040\000C\000o\000n\000t\000e\000x\000t\000-\000A\000w\000a\000r\000e\000\040\000v\000s\000.\000\040\000F\000i\000x\000e\000d\000\040\000R\000u\000l\000e\000s}{section.2.5}% 39
\BOOKMARK [2][]{subsection.2.5.4}{\376\377\0002\000.\0005\000.\0004\000\040\000R\000Q\0004\000:\000\040\000D\000r\000i\000f\000t\000\040\000D\000e\000t\000e\000c\000t\000i\000o\000n\000\040\000E\000f\000f\000e\000c\000t\000i\000v\000e\000n\000e\000s\000s}{section.2.5}% 40
\BOOKMARK [2][]{subsection.2.5.5}{\376\377\0002\000.\0005\000.\0005\000\040\000R\000Q\0005\000:\000\040\000T\000i\000m\000e\000l\000i\000n\000e\000s\000s\000\040\000a\000n\000d\000\040\000U\000n\000i\000q\000u\000e\000n\000e\000s\000s}{section.2.5}% 41
\BOOKMARK [1][]{section.2.6}{\376\377\0002\000.\0006\000\040\000R\000e\000s\000e\000a\000r\000c\000h\000\040\000H\000y\000p\000o\000t\000h\000e\000s\000e\000s}{chapter.2}% 42
\BOOKMARK [1][]{section.2.7}{\376\377\0002\000.\0007\000\040\000C\000h\000a\000p\000t\000e\000r\000\040\000S\000u\000m\000m\000a\000r\000y}{chapter.2}% 43
\BOOKMARK [0][]{chapter.3}{\376\377\0003\000\040\000C\000A\000-\000D\000Q\000S\000T\000R\000E\000A\000M\000\040\000F\000R\000A\000M\000E\000W\000O\000R\000K\000\040\000D\000E\000S\000I\000G\000N}{}% 44
\BOOKMARK [1][]{section.3.1}{\376\377\0003\000.\0001\000\040\000O\000v\000e\000r\000v\000i\000e\000w}{chapter.3}% 45
\BOOKMARK [1][]{section.3.2}{\376\377\0003\000.\0002\000\040\000F\000o\000r\000m\000a\000l\000\040\000C\000o\000n\000t\000e\000x\000t\000\040\000M\000o\000d\000e\000l}{chapter.3}% 46
\BOOKMARK [2][]{subsection.3.2.1}{\376\377\0003\000.\0002\000.\0001\000\040\000C\000o\000n\000t\000e\000x\000t\000\040\000E\000l\000e\000m\000e\000n\000t\000\040\000D\000e\000f\000i\000n\000i\000t\000i\000o\000n}{section.3.2}% 47
\BOOKMARK [2][]{subsection.3.2.2}{\376\377\0003\000.\0002\000.\0002\000\040\000C\000o\000n\000t\000e\000x\000t\000\040\000G\000r\000o\000u\000p\000\040\000D\000e\000f\000i\000n\000i\000t\000i\000o\000n}{section.3.2}% 48
\BOOKMARK [2][]{subsection.3.2.3}{\376\377\0003\000.\0002\000.\0003\000\040\000B\000a\000s\000e\000l\000i\000n\000e\000\040\000C\000o\000m\000p\000u\000t\000a\000t\000i\000o\000n}{section.3.2}% 49
\BOOKMARK [2][]{subsection.3.2.4}{\376\377\0003\000.\0002\000.\0004\000\040\000C\000o\000n\000t\000e\000x\000t\000-\000A\000w\000a\000r\000e\000\040\000T\000h\000r\000e\000s\000h\000o\000l\000d\000\040\000S\000e\000l\000e\000c\000t\000i\000o\000n}{section.3.2}% 50
\BOOKMARK [2][]{subsection.3.2.5}{\376\377\0003\000.\0002\000.\0005\000\040\000C\000o\000n\000t\000e\000x\000t\000\040\000S\000e\000p\000a\000r\000a\000t\000i\000o\000n\000\040\000S\000c\000o\000r\000e}{section.3.2}% 51
\BOOKMARK [1][]{section.3.3}{\376\377\0003\000.\0003\000\040\0004\000-\000L\000a\000y\000e\000r\000\040\000V\000a\000l\000i\000d\000a\000t\000i\000o\000n\000\040\000P\000i\000p\000e\000l\000i\000n\000e}{chapter.3}% 52
\BOOKMARK [2][]{subsection.3.3.1}{\376\377\0003\000.\0003\000.\0001\000\040\000L\000a\000y\000e\000r\000\040\0001\000:\000\040\000S\000c\000h\000e\000m\000a\000\040\000C\000h\000e\000c\000k\000e\000r}{section.3.3}% 53
\BOOKMARK [2][]{subsection.3.3.2}{\376\377\0003\000.\0003\000.\0002\000\040\000L\000a\000y\000e\000r\000\040\0002\000:\000\040\000H\000a\000r\000d\000\040\000R\000u\000l\000e\000s}{section.3.3}% 54
\BOOKMARK [2][]{subsection.3.3.3}{\376\377\0003\000.\0003\000.\0003\000\040\000L\000a\000y\000e\000r\000\040\0003\000:\000\040\000C\000o\000n\000t\000e\000x\000t\000-\000A\000w\000a\000r\000e\000\040\000R\000u\000l\000e\000s}{section.3.3}% 55
\BOOKMARK [2][]{subsection.3.3.4}{\376\377\0003\000.\0003\000.\0004\000\040\000L\000a\000y\000e\000r\000\040\0004\000:\000\040\000M\000L\000\040\000L\000a\000y\000e\000r\000\040\000\050\0003\000-\000M\000e\000t\000h\000o\000d\000\040\000E\000n\000s\000e\000m\000b\000l\000e\000\051}{section.3.3}% 56
\BOOKMARK [1][]{section.3.4}{\376\377\0003\000.\0004\000\040\000S\000e\000l\000f\000-\000M\000o\000n\000i\000t\000o\000r\000i\000n\000g\000\040\000v\000i\000a\000\040\000Q\000u\000a\000l\000i\000t\000y\000\040\000M\000e\000t\000a\000-\000S\000t\000r\000e\000a\000m\000s}{chapter.3}% 57
\BOOKMARK [2][]{subsection.3.4.1}{\376\377\0003\000.\0004\000.\0001\000\040\000Q\000u\000a\000l\000i\000t\000y\000\040\000M\000e\000t\000a\000-\000S\000t\000r\000e\000a\000m}{section.3.4}% 58
\BOOKMARK [2][]{subsection.3.4.2}{\376\377\0003\000.\0004\000.\0002\000\040\000A\000D\000W\000I\000N\000-\000B\000a\000s\000e\000d\000\040\000D\000r\000i\000f\000t\000\040\000D\000e\000t\000e\000c\000t\000i\000o\000n}{section.3.4}% 59
\BOOKMARK [2][]{subsection.3.4.3}{\376\377\0003\000.\0004\000.\0003\000\040\000A\000l\000e\000r\000t\000\040\000C\000o\000n\000d\000i\000t\000i\000o\000n\000s}{section.3.4}% 60
\BOOKMARK [1][]{section.3.5}{\376\377\0003\000.\0005\000\040\000S\000y\000s\000t\000e\000m\000\040\000A\000r\000c\000h\000i\000t\000e\000c\000t\000u\000r\000e}{chapter.3}% 61
\BOOKMARK [2][]{subsection.3.5.1}{\376\377\0003\000.\0005\000.\0001\000\040\000K\000a\000f\000k\000a\000\040\000M\000e\000s\000s\000a\000g\000e\000\040\000S\000c\000h\000e\000m\000a}{section.3.5}% 62
\BOOKMARK [2][]{subsection.3.5.2}{\376\377\0003\000.\0005\000.\0002\000\040\000D\000a\000t\000a\000\040\000I\000n\000g\000e\000s\000t\000i\000o\000n\000\040\000L\000a\000y\000e\000r}{section.3.5}% 63
\BOOKMARK [2][]{subsection.3.5.3}{\376\377\0003\000.\0005\000.\0003\000\040\000F\000l\000i\000n\000k\000\040\000P\000r\000o\000c\000e\000s\000s\000i\000n\000g\000\040\000L\000a\000y\000e\000r}{section.3.5}% 64
\BOOKMARK [2][]{subsection.3.5.4}{\376\377\0003\000.\0005\000.\0004\000\040\000B\000a\000s\000e\000l\000i\000n\000e\000\040\000S\000t\000a\000t\000e\000\040\000M\000a\000n\000a\000g\000e\000m\000e\000n\000t}{section.3.5}% 65
\BOOKMARK [1][]{section.3.6}{\376\377\0003\000.\0006\000\040\000P\000o\000s\000t\000g\000r\000e\000S\000Q\000L\000\040\000P\000e\000r\000s\000i\000s\000t\000e\000n\000t\000\040\000S\000t\000o\000r\000a\000g\000e\000\040\000L\000a\000y\000e\000r}{chapter.3}% 66
\BOOKMARK [2][]{subsection.3.6.1}{\376\377\0003\000.\0006\000.\0001\000\040\000S\000c\000h\000e\000m\000a\000\040\000D\000e\000s\000i\000g\000n}{section.3.6}% 67
\BOOKMARK [2][]{subsection.3.6.2}{\376\377\0003\000.\0006\000.\0002\000\040\000F\000l\000i\000n\000k\000\040\000J\000D\000B\000C\000\040\000S\000i\000n\000k\000\040\000C\000o\000n\000f\000i\000g\000u\000r\000a\000t\000i\000o\000n}{section.3.6}% 68
\BOOKMARK [1][]{section.3.7}{\376\377\0003\000.\0007\000\040\000O\000b\000s\000e\000r\000v\000a\000b\000i\000l\000i\000t\000y\000:\000\040\000P\000r\000o\000m\000e\000t\000h\000e\000u\000s\000\040\000a\000n\000d\000\040\000G\000r\000a\000f\000a\000n\000a}{chapter.3}% 69
\BOOKMARK [2][]{subsection.3.7.1}{\376\377\0003\000.\0007\000.\0001\000\040\000P\000r\000o\000m\000e\000t\000h\000e\000u\000s\000\040\000M\000e\000t\000r\000i\000c\000s\000\040\000C\000o\000l\000l\000e\000c\000t\000i\000o\000n}{section.3.7}% 70
\BOOKMARK [2][]{subsection.3.7.2}{\376\377\0003\000.\0007\000.\0002\000\040\000G\000r\000a\000f\000a\000n\000a\000\040\000D\000a\000s\000h\000b\000o\000a\000r\000d\000s}{section.3.7}% 71
\BOOKMARK [1][]{section.3.8}{\376\377\0003\000.\0008\000\040\000M\000L\000\040\000S\000e\000r\000v\000i\000c\000e\000\040\000A\000r\000c\000h\000i\000t\000e\000c\000t\000u\000r\000e}{chapter.3}% 72
\BOOKMARK [2][]{subsection.3.8.1}{\376\377\0003\000.\0008\000.\0001\000\040\000T\000r\000a\000i\000n\000i\000n\000g\000\040\000P\000i\000p\000e\000l\000i\000n\000e}{section.3.8}% 73
\BOOKMARK [2][]{subsection.3.8.2}{\376\377\0003\000.\0008\000.\0002\000\040\000F\000a\000s\000t\000A\000P\000I\000\040\000S\000e\000r\000v\000i\000c\000e}{section.3.8}% 74
\BOOKMARK [1][]{section.3.9}{\376\377\0003\000.\0009\000\040\000D\000e\000p\000l\000o\000y\000m\000e\000n\000t\000:\000\040\000D\000o\000c\000k\000e\000r\000\040\000C\000o\000m\000p\000o\000s\000e\000\040\000F\000u\000l\000l\000\040\000S\000t\000a\000c\000k}{chapter.3}% 75
\BOOKMARK [1][]{section.3.10}{\376\377\0003\000.\0001\0000\000\040\000K\000e\000y\000\040\000I\000m\000p\000r\000o\000v\000e\000m\000e\000n\000t\000s\000\040\000O\000v\000e\000r\000\040\000P\000r\000i\000o\000r\000\040\000W\000o\000r\000k}{chapter.3}% 76
\BOOKMARK [1][]{section.3.11}{\376\377\0003\000.\0001\0001\000\040\000C\000h\000a\000p\000t\000e\000r\000\040\000S\000u\000m\000m\000a\000r\000y}{chapter.3}% 77
\BOOKMARK [0][]{chapter.4}{\376\377\0004\000\040\000E\000X\000P\000E\000R\000I\000M\000E\000N\000T\000S\000\040\000A\000N\000D\000\040\000E\000V\000A\000L\000U\000A\000T\000I\000O\000N}{}% 78
\BOOKMARK [1][]{section.4.1}{\376\377\0004\000.\0001\000\040\000E\000x\000p\000e\000r\000i\000m\000e\000n\000t\000\040\000E\000n\000v\000i\000r\000o\000n\000m\000e\000n\000t}{chapter.4}% 79
\BOOKMARK [2][]{subsection.4.1.1}{\376\377\0004\000.\0001\000.\0001\000\040\000D\000a\000t\000a\000s\000e\000t\000\040\000a\000n\000d\000\040\000C\000o\000n\000f\000i\000g\000u\000r\000a\000t\000i\000o\000n}{section.4.1}% 80
\BOOKMARK [2][]{subsection.4.1.2}{\376\377\0004\000.\0001\000.\0002\000\040\000T\000e\000c\000h\000n\000o\000l\000o\000g\000y\000\040\000S\000t\000a\000c\000k}{section.4.1}% 81
\BOOKMARK [1][]{section.4.2}{\376\377\0004\000.\0002\000\040\000E\000x\000p\000e\000r\000i\000m\000e\000n\000t\000\040\0001\000:\000\040\000C\000o\000n\000t\000e\000x\000t\000-\000A\000w\000a\000r\000e\000\040\000v\000s\000.\000\040\000F\000i\000x\000e\000d\000\040\000T\000h\000r\000e\000s\000h\000o\000l\000d\000\040\000\050\000F\000P\000R\000\040\000C\000o\000m\000p\000a\000r\000i\000s\000o\000n\000\051}{chapter.4}% 82
\BOOKMARK [2][]{subsection.4.2.1}{\376\377\0004\000.\0002\000.\0001\000\040\000O\000b\000j\000e\000c\000t\000i\000v\000e}{section.4.2}% 83
\BOOKMARK [2][]{subsection.4.2.2}{\376\377\0004\000.\0002\000.\0002\000\040\000S\000e\000t\000u\000p}{section.4.2}% 84
\BOOKMARK [2][]{subsection.4.2.3}{\376\377\0004\000.\0002\000.\0003\000\040\000R\000e\000s\000u\000l\000t\000s}{section.4.2}% 85
\BOOKMARK [1][]{section.4.3}{\376\377\0004\000.\0003\000\040\000E\000x\000p\000e\000r\000i\000m\000e\000n\000t\000\040\0002\000:\000\040\000L\000a\000y\000e\000r\000\040\000C\000o\000v\000e\000r\000a\000g\000e\000\040\000A\000n\000a\000l\000y\000s\000i\000s}{chapter.4}% 86
\BOOKMARK [2][]{subsection.4.3.1}{\376\377\0004\000.\0003\000.\0001\000\040\000O\000b\000j\000e\000c\000t\000i\000v\000e}{section.4.3}% 87
\BOOKMARK [2][]{subsection.4.3.2}{\376\377\0004\000.\0003\000.\0002\000\040\000R\000e\000s\000u\000l\000t\000s}{section.4.3}% 88
\BOOKMARK [1][]{section.4.4}{\376\377\0004\000.\0004\000\040\000E\000x\000p\000e\000r\000i\000m\000e\000n\000t\000\040\0003\000:\000\040\000C\000o\000n\000t\000e\000x\000t\000\040\000S\000e\000p\000a\000r\000a\000t\000i\000o\000n\000\040\000S\000c\000o\000r\000e\000\040\000A\000n\000a\000l\000y\000s\000i\000s}{chapter.4}% 89
\BOOKMARK [2][]{subsection.4.4.1}{\376\377\0004\000.\0004\000.\0001\000\040\000O\000b\000j\000e\000c\000t\000i\000v\000e}{section.4.4}% 90
\BOOKMARK [2][]{subsection.4.4.2}{\376\377\0004\000.\0004\000.\0002\000\040\000R\000e\000s\000u\000l\000t\000s}{section.4.4}% 91
\BOOKMARK [1][]{section.4.5}{\376\377\0004\000.\0005\000\040\000E\000x\000p\000e\000r\000i\000m\000e\000n\000t\000\040\0004\000:\000\040\000M\000L\000\040\000M\000e\000t\000h\000o\000d\000\040\000C\000o\000m\000p\000a\000r\000i\000s\000o\000n\000\040\000\050\000A\000b\000l\000a\000t\000i\000o\000n\000\040\000S\000t\000u\000d\000y\000\051}{chapter.4}% 92
\BOOKMARK [2][]{subsection.4.5.1}{\376\377\0004\000.\0005\000.\0001\000\040\000O\000b\000j\000e\000c\000t\000i\000v\000e}{section.4.5}% 93
\BOOKMARK [2][]{subsection.4.5.2}{\376\377\0004\000.\0005\000.\0002\000\040\000S\000y\000n\000t\000h\000e\000t\000i\000c\000\040\000A\000n\000o\000m\000a\000l\000y\000\040\000I\000n\000j\000e\000c\000t\000i\000o\000n}{section.4.5}% 94
\BOOKMARK [2][]{subsection.4.5.3}{\376\377\0004\000.\0005\000.\0003\000\040\000R\000e\000s\000u\000l\000t\000s}{section.4.5}% 95
\BOOKMARK [1][]{section.4.6}{\376\377\0004\000.\0006\000\040\000E\000x\000p\000e\000r\000i\000m\000e\000n\000t\000\040\0005\000:\000\040\000D\000r\000i\000f\000t\000\040\000D\000e\000t\000e\000c\000t\000i\000o\000n\000\040\000E\000f\000f\000e\000c\000t\000i\000v\000e\000n\000e\000s\000s}{chapter.4}% 96
\BOOKMARK [2][]{subsection.4.6.1}{\376\377\0004\000.\0006\000.\0001\000\040\000O\000b\000j\000e\000c\000t\000i\000v\000e}{section.4.6}% 97
\BOOKMARK [2][]{subsection.4.6.2}{\376\377\0004\000.\0006\000.\0002\000\040\000R\000e\000s\000u\000l\000t\000s\000:\000\040\000N\000U\000L\000L\000\040\000R\000a\000t\000e\000\040\000T\000r\000e\000n\000d\000\040\000A\000n\000a\000l\000y\000s\000i\000s}{section.4.6}% 98
\BOOKMARK [1][]{section.4.7}{\376\377\0004\000.\0007\000\040\000E\000x\000p\000e\000r\000i\000m\000e\000n\000t\000\040\0006\000:\000\040\000T\000e\000m\000p\000o\000r\000a\000l\000\040\000V\000a\000l\000i\000d\000a\000t\000i\000o\000n}{chapter.4}% 99
\BOOKMARK [2][]{subsection.4.7.1}{\376\377\0004\000.\0007\000.\0001\000\040\000O\000b\000j\000e\000c\000t\000i\000v\000e}{section.4.7}% 100
\BOOKMARK [2][]{subsection.4.7.2}{\376\377\0004\000.\0007\000.\0002\000\040\000R\000e\000s\000u\000l\000t\000s}{section.4.7}% 101
\BOOKMARK [1][]{section.4.8}{\376\377\0004\000.\0008\000\040\000E\000x\000p\000e\000r\000i\000m\000e\000n\000t\000\040\0007\000:\000\040\000C\000o\000m\000p\000a\000r\000i\000s\000o\000n\000\040\000w\000i\000t\000h\000\040\000E\000x\000i\000s\000t\000i\000n\000g\000\040\000D\000Q\000\040\000T\000o\000o\000l\000s}{chapter.4}% 102
\BOOKMARK [2][]{subsection.4.8.1}{\376\377\0004\000.\0008\000.\0001\000\040\000S\000e\000t\000u\000p}{section.4.8}% 103
\BOOKMARK [2][]{subsection.4.8.2}{\376\377\0004\000.\0008\000.\0002\000\040\000R\000e\000s\000u\000l\000t\000s}{section.4.8}% 104
\BOOKMARK [1][]{section.4.9}{\376\377\0004\000.\0009\000\040\000E\000x\000p\000e\000r\000i\000m\000e\000n\000t\000\040\0008\000:\000\040\000A\000b\000l\000a\000t\000i\000o\000n\000\040\000S\000t\000u\000d\000y}{chapter.4}% 105
\BOOKMARK [1][]{section.4.10}{\376\377\0004\000.\0001\0000\000\040\000E\000x\000p\000e\000r\000i\000m\000e\000n\000t\000\040\0009\000:\000\040\000F\000i\000x\000e\000d\000-\000R\000u\000l\000e\000\040\000C\000u\000s\000t\000o\000m\000\040\000B\000a\000s\000e\000l\000i\000n\000e\000\040\000C\000o\000m\000p\000a\000r\000i\000s\000o\000n}{chapter.4}% 106
\BOOKMARK [2][]{subsection.4.10.1}{\376\377\0004\000.\0001\0000\000.\0001\000\040\000O\000b\000j\000e\000c\000t\000i\000v\000e}{section.4.10}% 107
\BOOKMARK [2][]{subsection.4.10.2}{\376\377\0004\000.\0001\0000\000.\0002\000\040\000R\000e\000s\000u\000l\000t\000s}{section.4.10}% 108
\BOOKMARK [1][]{section.4.11}{\376\377\0004\000.\0001\0001\000\040\000E\000x\000p\000e\000r\000i\000m\000e\000n\000t\000\040\0001\0000\000:\000\040\000M\000L\000\040\000S\000e\000r\000v\000i\000c\000e\000\040\000L\000a\000t\000e\000n\000c\000y\000\040\000a\000n\000d\000\040\000T\000h\000r\000o\000u\000g\000h\000p\000u\000t}{chapter.4}% 109
\BOOKMARK [2][]{subsection.4.11.1}{\376\377\0004\000.\0001\0001\000.\0001\000\040\000O\000b\000j\000e\000c\000t\000i\000v\000e}{section.4.11}% 110
\BOOKMARK [2][]{subsection.4.11.2}{\376\377\0004\000.\0001\0001\000.\0002\000\040\000S\000e\000t\000u\000p}{section.4.11}% 111
\BOOKMARK [2][]{subsection.4.11.3}{\376\377\0004\000.\0001\0001\000.\0003\000\040\000R\000e\000s\000u\000l\000t\000s}{section.4.11}% 112
\BOOKMARK [1][]{section.4.12}{\376\377\0004\000.\0001\0002\000\040\000E\000x\000p\000e\000r\000i\000m\000e\000n\000t\000\040\0001\0001\000:\000\040\000P\000o\000s\000t\000g\000r\000e\000S\000Q\000L\000\040\000W\000r\000i\000t\000e\000\040\000P\000e\000r\000f\000o\000r\000m\000a\000n\000c\000e}{chapter.4}% 113
\BOOKMARK [2][]{subsection.4.12.1}{\376\377\0004\000.\0001\0002\000.\0001\000\040\000O\000b\000j\000e\000c\000t\000i\000v\000e}{section.4.12}% 114
\BOOKMARK [2][]{subsection.4.12.2}{\376\377\0004\000.\0001\0002\000.\0002\000\040\000S\000e\000t\000u\000p}{section.4.12}% 115
\BOOKMARK [2][]{subsection.4.12.3}{\376\377\0004\000.\0001\0002\000.\0003\000\040\000R\000e\000s\000u\000l\000t\000s}{section.4.12}% 116
\BOOKMARK [1][]{section.4.13}{\376\377\0004\000.\0001\0003\000\040\000E\000x\000p\000e\000r\000i\000m\000e\000n\000t\000\040\0001\0002\000:\000\040\000G\000r\000a\000f\000a\000n\000a\000\040\000D\000a\000s\000h\000b\000o\000a\000r\000d\000\040\000U\000s\000a\000b\000i\000l\000i\000t\000y}{chapter.4}% 117
\BOOKMARK [2][]{subsection.4.13.1}{\376\377\0004\000.\0001\0003\000.\0001\000\040\000O\000b\000j\000e\000c\000t\000i\000v\000e}{section.4.13}% 118
\BOOKMARK [2][]{subsection.4.13.2}{\376\377\0004\000.\0001\0003\000.\0002\000\040\000R\000e\000s\000u\000l\000t\000s}{section.4.13}% 119
\BOOKMARK [1][]{section.4.14}{\376\377\0004\000.\0001\0004\000\040\000E\000x\000p\000e\000r\000i\000m\000e\000n\000t\000\040\0001\0003\000:\000\040\000E\000n\000d\000-\000t\000o\000-\000E\000n\000d\000\040\000T\000h\000r\000o\000u\000g\000h\000p\000u\000t\000\040\000B\000e\000n\000c\000h\000m\000a\000r\000k}{chapter.4}% 120
\BOOKMARK [2][]{subsection.4.14.1}{\376\377\0004\000.\0001\0004\000.\0001\000\040\000O\000b\000j\000e\000c\000t\000i\000v\000e}{section.4.14}% 121
\BOOKMARK [2][]{subsection.4.14.2}{\376\377\0004\000.\0001\0004\000.\0002\000\040\000C\000o\000n\000f\000i\000g\000u\000r\000a\000t\000i\000o\000n}{section.4.14}% 122
\BOOKMARK [2][]{subsection.4.14.3}{\376\377\0004\000.\0001\0004\000.\0003\000\040\000R\000e\000s\000u\000l\000t\000s}{section.4.14}% 123
\BOOKMARK [1][]{section.4.15}{\376\377\0004\000.\0001\0005\000\040\000C\000h\000a\000p\000t\000e\000r\000\040\000S\000u\000m\000m\000a\000r\000y}{chapter.4}% 124
\BOOKMARK [0][]{chapter.5}{\376\377\0005\000\040\000C\000O\000N\000C\000L\000U\000S\000I\000O\000N\000\040\000A\000N\000D\000\040\000P\000E\000R\000S\000P\000E\000C\000T\000I\000V\000E\000S}{}% 125
\BOOKMARK [1][]{section.5.1}{\376\377\0005\000.\0001\000\040\000M\000a\000i\000n\000\040\000C\000o\000n\000t\000r\000i\000b\000u\000t\000i\000o\000n\000s}{chapter.5}% 126
\BOOKMARK [1][]{section.5.2}{\376\377\0005\000.\0002\000\040\000T\000h\000e\000s\000i\000s\000\040\000L\000i\000m\000i\000t\000a\000t\000i\000o\000n\000s}{chapter.5}% 127
\BOOKMARK [1][]{section.5.3}{\376\377\0005\000.\0003\000\040\000F\000u\000t\000u\000r\000e\000\040\000W\000o\000r\000k}{chapter.5}% 128
\BOOKMARK [0][]{Item.60}{\376\377\000R\000E\000F\000E\000R\000E\000N\000C\000E\000S}{}% 129
