\BOOKMARK [0][]{chapter.1}{\376\377\0001\000\040\000I\000N\000T\000R\000O\000D\000U\000C\000T\000I\000O\000N}{}% 1
\BOOKMARK [1][]{section.1.1}{\376\377\0001\000.\0001\000\040\000M\000o\000t\000i\000v\000a\000t\000i\000o\000n}{chapter.1}% 2
\BOOKMARK [1][]{section.1.2}{\376\377\0001\000.\0002\000\040\000R\000e\000s\000e\000a\000r\000c\000h\000\040\000C\000h\000a\000l\000l\000e\000n\000g\000e\000s}{chapter.1}% 3
\BOOKMARK [1][]{section.1.3}{\376\377\0001\000.\0003\000\040\000O\000b\000j\000e\000c\000t\000i\000v\000e}{chapter.1}% 4
\BOOKMARK [1][]{section.1.4}{\376\377\0001\000.\0004\000\040\000C\000o\000n\000t\000r\000i\000b\000u\000t\000i\000o\000n\000\040\000H\000i\000g\000h\000l\000i\000g\000h\000t\000s}{chapter.1}% 5
\BOOKMARK [1][]{section.1.5}{\376\377\0001\000.\0005\000\040\000T\000h\000e\000s\000i\000s\000\040\000C\000o\000n\000t\000e\000n\000t}{chapter.1}% 6
\BOOKMARK [0][]{chapter.2}{\376\377\0002\000\040\000B\000A\000C\000K\000G\000R\000O\000U\000N\000D}{}% 7
\BOOKMARK [1][]{section.2.1}{\376\377\0002\000.\0001\000\040\000O\000v\000e\000r\000v\000i\000e\000w}{chapter.2}% 8
\BOOKMARK [1][]{section.2.2}{\376\377\0002\000.\0002\000\040\000S\000t\000r\000e\000a\000m\000i\000n\000g\000\040\000D\000a\000t\000a\000\040\000P\000r\000o\000c\000e\000s\000s\000i\000n\000g}{chapter.2}% 9
\BOOKMARK [2][]{subsection.2.2.1}{\376\377\0002\000.\0002\000.\0001\000\040\000A\000p\000a\000c\000h\000e\000\040\000K\000a\000f\000k\000a\000:\000\040\000E\000v\000e\000n\000t\000\040\000S\000t\000r\000e\000a\000m\000i\000n\000g\000\040\000P\000l\000a\000t\000f\000o\000r\000m}{section.2.2}% 10
\BOOKMARK [2][]{subsection.2.2.2}{\376\377\0002\000.\0002\000.\0002\000\040\000A\000p\000a\000c\000h\000e\000\040\000F\000l\000i\000n\000k\000:\000\040\000S\000t\000a\000t\000e\000f\000u\000l\000\040\000S\000t\000r\000e\000a\000m\000\040\000P\000r\000o\000c\000e\000s\000s\000i\000n\000g}{section.2.2}% 11
\BOOKMARK [1][]{section.2.3}{\376\377\0002\000.\0003\000\040\000M\000L\000O\000p\000s\000:\000\040\000M\000a\000c\000h\000i\000n\000e\000\040\000L\000e\000a\000r\000n\000i\000n\000g\000\040\000O\000p\000e\000r\000a\000t\000i\000o\000n\000s}{chapter.2}% 12
\BOOKMARK [2][]{subsection.2.3.1}{\376\377\0002\000.\0003\000.\0001\000\040\000M\000L\000O\000p\000s\000\040\000M\000a\000t\000u\000r\000i\000t\000y\000\040\000L\000e\000v\000e\000l\000s}{section.2.3}% 13
\BOOKMARK [1][]{section.2.4}{\376\377\0002\000.\0004\000\040\000D\000A\000M\000A\000-\000D\000M\000B\000O\000K\000\040\000D\000a\000t\000a\000\040\000Q\000u\000a\000l\000i\000t\000y\000\040\000D\000i\000m\000e\000n\000s\000i\000o\000n\000s}{chapter.2}% 14
\BOOKMARK [1][]{section.2.5}{\376\377\0002\000.\0005\000\040\000C\000h\000a\000p\000t\000e\000r\000\040\000S\000u\000m\000m\000a\000r\000y}{chapter.2}% 15
\BOOKMARK [0][]{chapter.3}{\376\377\0003\000\040\000R\000E\000L\000A\000T\000E\000D\000\040\000W\000O\000R\000K}{}% 16
\BOOKMARK [1][]{section.3.1}{\376\377\0003\000.\0001\000\040\000O\000v\000e\000r\000v\000i\000e\000w}{chapter.3}% 17
\BOOKMARK [1][]{section.3.2}{\376\377\0003\000.\0002\000\040\000B\000a\000t\000c\000h\000-\000O\000r\000i\000e\000n\000t\000e\000d\000\040\000D\000a\000t\000a\000\040\000Q\000u\000a\000l\000i\000t\000y\000\040\000F\000r\000a\000m\000e\000w\000o\000r\000k\000s}{chapter.3}% 18
\BOOKMARK [1][]{section.3.3}{\376\377\0003\000.\0003\000\040\000S\000t\000r\000e\000a\000m\000i\000n\000g\000\040\000D\000a\000t\000a\000\040\000Q\000u\000a\000l\000i\000t\000y\000\040\000M\000o\000n\000i\000t\000o\000r\000i\000n\000g}{chapter.3}% 19
\BOOKMARK [1][]{section.3.4}{\376\377\0003\000.\0004\000\040\000I\000n\000d\000u\000s\000t\000r\000i\000a\000l\000\040\000S\000t\000r\000e\000a\000m\000i\000n\000g\000\040\000P\000l\000a\000t\000f\000o\000r\000m\000s\000\040\000a\000n\000d\000\040\000C\000a\000s\000e\000\040\000S\000t\000u\000d\000i\000e\000s}{chapter.3}% 20
\BOOKMARK [1][]{section.3.5}{\376\377\0003\000.\0005\000\040\000C\000o\000n\000c\000e\000p\000t\000\040\000D\000r\000i\000f\000t\000\040\000H\000a\000n\000d\000l\000i\000n\000g\000\040\000i\000n\000\040\000M\000L\000\040\000S\000y\000s\000t\000e\000m\000s}{chapter.3}% 21
\BOOKMARK [2][]{subsection.3.5.1}{\376\377\0003\000.\0005\000.\0001\000\040\000A\000D\000W\000I\000N\000\040\000V\000a\000r\000i\000a\000n\000t\000s\000\040\000f\000o\000r\000\040\000S\000c\000a\000l\000a\000b\000l\000e\000\040\000D\000r\000i\000f\000t\000\040\000D\000e\000t\000e\000c\000t\000i\000o\000n}{section.3.5}% 22
\BOOKMARK [1][]{section.3.6}{\376\377\0003\000.\0006\000\040\000C\000o\000n\000t\000e\000x\000t\000-\000A\000w\000a\000r\000e\000\040\000A\000n\000o\000m\000a\000l\000y\000\040\000D\000e\000t\000e\000c\000t\000i\000o\000n}{chapter.3}% 23
\BOOKMARK [1][]{section.3.7}{\376\377\0003\000.\0007\000\040\000A\000n\000o\000m\000a\000l\000y\000\040\000D\000e\000t\000e\000c\000t\000i\000o\000n\000\040\000M\000e\000t\000h\000o\000d\000s\000\040\000a\000n\000d\000\040\000B\000e\000n\000c\000h\000m\000a\000r\000k\000s}{chapter.3}% 24
\BOOKMARK [1][]{section.3.8}{\376\377\0003\000.\0008\000\040\000M\000e\000m\000o\000r\000y\000-\000B\000a\000s\000e\000d\000\040\000S\000t\000r\000e\000a\000m\000i\000n\000g\000\040\000A\000n\000o\000m\000a\000l\000y\000\040\000D\000e\000t\000e\000c\000t\000i\000o\000n}{chapter.3}% 25
\BOOKMARK [1][]{section.3.9}{\376\377\0003\000.\0009\000\040\000C\000h\000a\000p\000t\000e\000r\000\040\000S\000u\000m\000m\000a\000r\000y}{chapter.3}% 26
\BOOKMARK [0][]{chapter.4}{\376\377\0004\000\040\000P\000R\000O\000B\000L\000E\000M\000\040\000D\000E\000F\000I\000N\000I\000T\000I\000O\000N\000\040\000A\000N\000D\000\040\000R\000E\000S\000E\000A\000R\000C\000H\000\040\000Q\000U\000E\000S\000T\000I\000O\000N\000S}{}% 27
\BOOKMARK [1][]{section.4.1}{\376\377\0004\000.\0001\000\040\000I\000n\000t\000r\000o\000d\000u\000c\000t\000i\000o\000n}{chapter.4}% 28
\BOOKMARK [1][]{section.4.2}{\376\377\0004\000.\0002\000\040\000E\000m\000p\000i\000r\000i\000c\000a\000l\000\040\000E\000v\000i\000d\000e\000n\000c\000e\000:\000\040\000N\000Y\000C\000\040\000Y\000e\000l\000l\000o\000w\000\040\000T\000a\000x\000i\000\040\000D\000a\000t\000a\000s\000e\000t}{chapter.4}% 29
\BOOKMARK [1][]{section.4.3}{\376\377\0004\000.\0003\000\040\000R\000e\000s\000e\000a\000r\000c\000h\000\040\000G\000a\000p\000s}{chapter.4}% 30
\BOOKMARK [2][]{subsection.4.3.1}{\376\377\0004\000.\0003\000.\0001\000\040\000G\000a\000p\000\040\0001\000:\000\040\000C\000o\000n\000t\000e\000x\000t\000\040\000C\000o\000l\000l\000a\000p\000s\000e\000\040\000i\000n\000\040\000H\000e\000t\000e\000r\000o\000g\000e\000n\000e\000o\000u\000s\000\040\000S\000t\000r\000e\000a\000m\000i\000n\000g\000\040\000D\000a\000t\000a}{section.4.3}% 31
\BOOKMARK [2][]{subsection.4.3.2}{\376\377\0004\000.\0003\000.\0002\000\040\000G\000a\000p\000\040\0002\000:\000\040\000S\000e\000q\000u\000e\000n\000t\000i\000a\000l\000\040\000V\000a\000l\000i\000d\000a\000t\000i\000o\000n\000\040\000U\000n\000d\000e\000r\000u\000t\000i\000l\000i\000z\000e\000s\000\040\000S\000t\000r\000u\000c\000t\000u\000r\000a\000l\000\040\000H\000e\000t\000e\000r\000o\000g\000e\000n\000e\000i\000t\000y}{section.4.3}% 32
\BOOKMARK [2][]{subsection.4.3.3}{\376\377\0004\000.\0003\000.\0003\000\040\000G\000a\000p\000\040\0003\000:\000\040\000S\000i\000n\000g\000l\000e\000-\000S\000t\000r\000a\000t\000e\000g\000y\000\040\000D\000r\000i\000f\000t\000\040\000A\000d\000a\000p\000t\000a\000t\000i\000o\000n\000\040\000C\000a\000n\000n\000o\000t\000\040\000D\000i\000f\000f\000e\000r\000e\000n\000t\000i\000a\000t\000e\000\040\000D\000r\000i\000f\000t\000\040\000S\000e\000v\000e\000r\000i\000t\000y}{section.4.3}% 33
\BOOKMARK [1][]{section.4.4}{\376\377\0004\000.\0004\000\040\000R\000e\000s\000e\000a\000r\000c\000h\000\040\000Q\000u\000e\000s\000t\000i\000o\000n\000s}{chapter.4}% 34
\BOOKMARK [2][]{subsection.4.4.1}{\376\377\0004\000.\0004\000.\0001\000\040\000R\000Q\0001\000:\000\040\000H\000o\000w\000\040\000D\000o\000e\000s\000\040\000C\000o\000n\000t\000e\000x\000t\000\040\000G\000r\000a\000n\000u\000l\000a\000r\000i\000t\000y\000\040\000A\000f\000f\000e\000c\000t\000\040\000A\000n\000o\000m\000a\000l\000y\000\040\000D\000e\000t\000e\000c\000t\000i\000o\000n\000\040\000i\000n\000\040\000H\000e\000t\000e\000r\000o\000g\000e\000n\000e\000o\000u\000s\000\040\000S\000t\000r\000e\000a\000m\000i\000n\000g\000\040\000D\000a\000t\000a\000?}{section.4.4}% 35
\BOOKMARK [2][]{subsection.4.4.2}{\376\377\0004\000.\0004\000.\0002\000\040\000R\000Q\0002\000:\000\040\000W\000h\000a\000t\000\040\000D\000e\000t\000e\000r\000m\000i\000n\000e\000s\000\040\000t\000h\000e\000\040\000O\000p\000t\000i\000m\000a\000l\000\040\000P\000a\000r\000a\000l\000l\000e\000l\000i\000z\000a\000t\000i\000o\000n\000\040\000S\000t\000r\000a\000t\000e\000g\000y\000\040\000i\000n\000\040\000H\000e\000t\000e\000r\000o\000g\000e\000n\000e\000o\000u\000s\000\040\000V\000a\000l\000i\000d\000a\000t\000i\000o\000n\000\040\000P\000i\000p\000e\000l\000i\000n\000e\000s\000?}{section.4.4}% 36
\BOOKMARK [2][]{subsection.4.4.3}{\376\377\0004\000.\0004\000.\0003\000\040\000R\000Q\0003\000:\000\040\000C\000a\000n\000\040\000D\000r\000i\000f\000t\000\040\000C\000h\000a\000r\000a\000c\000t\000e\000r\000i\000s\000t\000i\000c\000s\000\040\000B\000e\000\040\000C\000l\000a\000s\000s\000i\000f\000i\000e\000d\000\040\000t\000o\000\040\000S\000e\000l\000e\000c\000t\000\040\000A\000p\000p\000r\000o\000p\000r\000i\000a\000t\000e\000\040\000A\000d\000a\000p\000t\000a\000t\000i\000o\000n\000\040\000S\000t\000r\000a\000t\000e\000g\000i\000e\000s\000\040\000A\000u\000t\000o\000m\000a\000t\000i\000c\000a\000l\000l\000y\000?}{section.4.4}% 37
\BOOKMARK [2][]{subsection.4.4.4}{\376\377\0004\000.\0004\000.\0004\000\040\000R\000Q\0004\000:\000\040\000H\000o\000w\000\040\000D\000o\000\040\000R\000u\000l\000e\000-\000B\000a\000s\000e\000d\000\040\000a\000n\000d\000\040\000L\000e\000a\000r\000n\000e\000d\000\040\000A\000n\000o\000m\000a\000l\000y\000\040\000D\000e\000t\000e\000c\000t\000i\000o\000n\000\040\000M\000e\000t\000h\000o\000d\000s\000\040\000C\000o\000m\000p\000l\000e\000m\000e\000n\000t\000\040\000E\000a\000c\000h\000\040\000O\000t\000h\000e\000r\000\040\000i\000n\000\040\000S\000t\000r\000e\000a\000m\000i\000n\000g\000\040\000Q\000u\000a\000l\000i\000t\000y\000\040\000M\000o\000n\000i\000t\000o\000r\000i\000n\000g\000?}{section.4.4}% 38
\BOOKMARK [2][]{subsection.4.4.5}{\376\377\0004\000.\0004\000.\0005\000\040\000R\000Q\0005\000:\000\040\000H\000o\000w\000\040\000D\000o\000e\000s\000\040\000M\000e\000m\000o\000r\000y\000\040\000C\000a\000p\000a\000c\000i\000t\000y\000\040\000I\000n\000t\000e\000r\000a\000c\000t\000\040\000w\000i\000t\000h\000\040\000D\000r\000i\000f\000t\000\040\000S\000p\000e\000e\000d\000\040\000a\000n\000d\000\040\000C\000o\000n\000t\000e\000x\000t\000\040\000D\000i\000m\000e\000n\000s\000i\000o\000n\000a\000l\000i\000t\000y\000\040\000i\000n\000\040\000S\000t\000r\000e\000a\000m\000i\000n\000g\000\040\000A\000n\000o\000m\000a\000l\000y\000\040\000D\000e\000t\000e\000c\000t\000i\000o\000n\000?}{section.4.4}% 39
\BOOKMARK [2][]{subsection.4.4.6}{\376\377\0004\000.\0004\000.\0006\000\040\000G\000r\000o\000u\000n\000d\000\040\000T\000r\000u\000t\000h\000\040\000a\000n\000d\000\040\000E\000v\000a\000l\000u\000a\000t\000i\000o\000n\000\040\000M\000e\000t\000h\000o\000d\000o\000l\000o\000g\000y}{section.4.4}% 40
\BOOKMARK [1][]{section.4.5}{\376\377\0004\000.\0005\000\040\000C\000h\000a\000p\000t\000e\000r\000\040\000S\000u\000m\000m\000a\000r\000y}{chapter.4}% 41
\BOOKMARK [0][]{chapter.5}{\376\377\0005\000\040\000C\000A\000-\000D\000Q\000S\000t\000r\000e\000a\000m\000:\000\040\000C\000o\000n\000t\000e\000x\000t\000-\000A\000w\000a\000r\000e\000\040\000D\000a\000t\000a\000\040\000Q\000u\000a\000l\000i\000t\000y\000\040\000S\000t\000r\000e\000a\000m\000i\000n\000g\000\040\000S\000y\000s\000t\000e\000m}{}% 42
\BOOKMARK [1][]{section.5.1}{\376\377\0005\000.\0001\000\040\000A\000p\000p\000r\000o\000a\000c\000h\000\040\000D\000i\000r\000e\000c\000t\000i\000o\000n}{chapter.5}% 43
\BOOKMARK [1][]{section.5.2}{\376\377\0005\000.\0002\000\040\000D\000a\000t\000a\000\040\000E\000x\000p\000l\000o\000r\000a\000t\000i\000o\000n}{chapter.5}% 44
\BOOKMARK [2][]{subsection.5.2.1}{\376\377\0005\000.\0002\000.\0001\000\040\000R\000a\000w\000\040\000D\000a\000t\000a\000\040\000E\000D\000A}{section.5.2}% 45
\BOOKMARK [2][]{subsection.5.2.2}{\376\377\0005\000.\0002\000.\0002\000\040\000C\000o\000n\000c\000e\000p\000t\000\040\000D\000r\000i\000f\000t\000\040\000E\000x\000a\000m\000p\000l\000e}{section.5.2}% 46
\BOOKMARK [2][]{subsection.5.2.3}{\376\377\0005\000.\0002\000.\0003\000\040\000I\000n\000j\000e\000c\000t\000e\000d\000\040\000D\000a\000t\000a}{section.5.2}% 47
\BOOKMARK [1][]{section.5.3}{\376\377\0005\000.\0003\000\040\000P\000r\000o\000p\000o\000s\000e\000d\000\040\000M\000e\000t\000h\000o\000d}{chapter.5}% 48
\BOOKMARK [2][]{subsection.5.3.1}{\376\377\0005\000.\0003\000.\0001\000\040\000O\000v\000e\000r\000v\000i\000e\000w}{section.5.3}% 49
\BOOKMARK [2][]{subsection.5.3.2}{\376\377\0005\000.\0003\000.\0002\000\040\000F\000e\000a\000t\000u\000r\000e\000\040\000E\000n\000g\000i\000n\000e\000e\000r\000i\000n\000g}{section.5.3}% 50
\BOOKMARK [2][]{subsection.5.3.3}{\376\377\0005\000.\0003\000.\0003\000\040\000L\000a\000y\000e\000r\000\040\0001\000:\000\040\000B\000a\000s\000e\000l\000i\000n\000e\000\040\000V\000a\000l\000i\000d\000a\000t\000i\000o\000n}{section.5.3}% 51
\BOOKMARK [2][]{subsection.5.3.4}{\376\377\0005\000.\0003\000.\0004\000\040\000L\000a\000y\000e\000r\000\040\0002\000:\000\040\000M\000e\000m\000o\000r\000y\000-\000B\000a\000s\000e\000d\000\040\000S\000t\000r\000e\000a\000m\000i\000n\000g\000\040\000A\000n\000o\000m\000a\000l\000y\000\040\000D\000e\000t\000e\000c\000t\000i\000o\000n}{section.5.3}% 52
\BOOKMARK [2][]{subsection.5.3.5}{\376\377\0005\000.\0003\000.\0005\000\040\000L\000a\000y\000e\000r\000\040\0003\000:\000\040\000M\000e\000t\000a\000-\000A\000g\000g\000r\000e\000g\000a\000t\000i\000o\000n}{section.5.3}% 53
\BOOKMARK [2][]{subsection.5.3.6}{\376\377\0005\000.\0003\000.\0006\000\040\000L\000a\000y\000e\000r\000\040\0004\000:\000\040\000I\000n\000t\000e\000l\000l\000i\000g\000e\000n\000t\000\040\000E\000v\000o\000l\000u\000t\000i\000o\000n\000\040\000C\000o\000n\000t\000r\000o\000l\000l\000e\000r}{section.5.3}% 54
\BOOKMARK [2][]{subsection.5.3.7}{\376\377\0005\000.\0003\000.\0007\000\040\000F\000a\000u\000l\000t\000\040\000T\000o\000l\000e\000r\000a\000n\000c\000e}{section.5.3}% 55
\BOOKMARK [1][]{section.5.4}{\376\377\0005\000.\0004\000\040\000C\000h\000a\000p\000t\000e\000r\000\040\000S\000u\000m\000m\000a\000r\000y}{chapter.5}% 56
\BOOKMARK [0][]{chapter.6}{\376\377\0006\000\040\000E\000X\000P\000E\000R\000I\000M\000E\000N\000T\000S\000\040\000\046\000\040\000E\000V\000A\000L\000U\000A\000T\000I\000O\000N}{}% 57
\BOOKMARK [1][]{section.6.1}{\376\377\0006\000.\0001\000\040\000O\000v\000e\000r\000v\000i\000e\000w}{chapter.6}% 58
\BOOKMARK [1][]{section.6.2}{\376\377\0006\000.\0002\000\040\000E\000x\000p\000e\000r\000i\000m\000e\000n\000t\000\040\000E\000n\000v\000i\000r\000o\000n\000m\000e\000n\000t}{chapter.6}% 59
\BOOKMARK [1][]{section.6.3}{\376\377\0006\000.\0003\000\040\000R\000Q\0001\000:\000\040\000D\000o\000e\000s\000\040\000M\000u\000l\000t\000i\000-\000L\000a\000y\000e\000r\000\040\000V\000a\000l\000i\000d\000a\000t\000i\000o\000n\000\040\000I\000m\000p\000r\000o\000v\000e\000\040\000C\000o\000v\000e\000r\000a\000g\000e\000?\000\040\000[\000E\000x\000p\000\040\0001\000,\000\040\0002\000]}{chapter.6}% 60
\BOOKMARK [2][]{subsection.6.3.1}{\376\377\0006\000.\0003\000.\0001\000\040\000E\000x\000p\000e\000r\000i\000m\000e\000n\000t\000\040\0001\000:\000\040\000F\000o\000u\000r\000-\000S\000t\000a\000g\000e\000\040\000L\000a\000y\000e\000r\000\040\000C\000o\000v\000e\000r\000a\000g\000e\000\040\000A\000n\000a\000l\000y\000s\000i\000s}{section.6.3}% 61
\BOOKMARK [2][]{subsection.6.3.2}{\376\377\0006\000.\0003\000.\0002\000\040\000E\000x\000p\000e\000r\000i\000m\000e\000n\000t\000\040\0002\000:\000\040\000A\000b\000l\000a\000t\000i\000o\000n\000\040\000S\000t\000u\000d\000y}{section.6.3}% 62
\BOOKMARK [1][]{section.6.4}{\376\377\0006\000.\0004\000\040\000R\000Q\0002\000:\000\040\000D\000o\000e\000s\000\040\000O\000n\000l\000i\000n\000e\000\040\000A\000u\000t\000o\000e\000n\000c\000o\000d\000e\000r\000\040\000+\000\040\000M\000e\000m\000o\000r\000y\000\040\000M\000o\000d\000u\000l\000e\000\040\000O\000u\000t\000p\000e\000r\000f\000o\000r\000m\000\040\000B\000a\000s\000e\000l\000i\000n\000e\000s\000?\000\040\000[\000E\000x\000p\000\040\0003\000,\000\040\0004\000]}{chapter.6}% 63
\BOOKMARK [2][]{subsection.6.4.1}{\376\377\0006\000.\0004\000.\0001\000\040\000E\000x\000p\000e\000r\000i\000m\000e\000n\000t\000\040\0003\000:\000\040\000O\000n\000l\000i\000n\000e\000\040\000A\000u\000t\000o\000e\000n\000c\000o\000d\000e\000r\000\040\000A\000n\000o\000m\000a\000l\000y\000\040\000D\000e\000t\000e\000c\000t\000i\000o\000n}{section.6.4}% 64
\BOOKMARK [2][]{subsection.6.4.2}{\376\377\0006\000.\0004\000.\0002\000\040\000E\000x\000p\000e\000r\000i\000m\000e\000n\000t\000\040\0004\000:\000\040\000C\000o\000m\000p\000a\000r\000i\000s\000o\000n\000\040\000w\000i\000t\000h\000\040\000E\000x\000i\000s\000t\000i\000n\000g\000\040\000D\000Q\000\040\000T\000o\000o\000l\000s}{section.6.4}% 65
\BOOKMARK [1][]{section.6.5}{\376\377\0006\000.\0005\000\040\000R\000Q\0003\000:\000\040\000D\000o\000e\000s\000\040\000I\000E\000C\000\040\000M\000u\000l\000t\000i\000-\000S\000t\000r\000a\000t\000e\000g\000y\000\040\000A\000d\000a\000p\000t\000a\000t\000i\000o\000n\000\040\000M\000a\000i\000n\000t\000a\000i\000n\000\040\000A\000c\000c\000u\000r\000a\000c\000y\000?\000\040\000[\000E\000x\000p\000\040\0006\000]}{chapter.6}% 66
\BOOKMARK [2][]{subsection.6.5.1}{\376\377\0006\000.\0005\000.\0001\000\040\000E\000x\000p\000e\000r\000i\000m\000e\000n\000t\000\040\0006\000:\000\040\000A\000D\000W\000I\000N\000\040\000D\000r\000i\000f\000t\000\040\000D\000e\000t\000e\000c\000t\000i\000o\000n\000\040\000E\000f\000f\000e\000c\000t\000i\000v\000e\000n\000e\000s\000s}{section.6.5}% 67
\BOOKMARK [1][]{section.6.6}{\376\377\0006\000.\0006\000\040\000R\000Q\0004\000:\000\040\000D\000o\000e\000s\000\040\000R\000e\000n\000d\000e\000z\000v\000o\000u\000s\000\040\000A\000r\000c\000h\000i\000t\000e\000c\000t\000u\000r\000e\000\040\000I\000m\000p\000r\000o\000v\000e\000\040\000P\000e\000r\000f\000o\000r\000m\000a\000n\000c\000e\000?\000\040\000[\000E\000x\000p\000\040\0007\000,\000\040\0008\000]}{chapter.6}% 68
\BOOKMARK [2][]{subsection.6.6.1}{\376\377\0006\000.\0006\000.\0001\000\040\000E\000x\000p\000e\000r\000i\000m\000e\000n\000t\000\040\0007\000:\000\040\000R\000e\000n\000d\000e\000z\000v\000o\000u\000s\000\040\000v\000s\000\040\000L\000i\000n\000e\000a\000r\000\040\000P\000i\000p\000e\000l\000i\000n\000e}{section.6.6}% 69
\BOOKMARK [2][]{subsection.6.6.2}{\376\377\0006\000.\0006\000.\0002\000\040\000E\000x\000p\000e\000r\000i\000m\000e\000n\000t\000\040\0008\000:\000\040\000E\000n\000d\000-\000t\000o\000-\000E\000n\000d\000\040\000T\000h\000r\000o\000u\000g\000h\000p\000u\000t\000\040\000B\000e\000n\000c\000h\000m\000a\000r\000k}{section.6.6}% 70
\BOOKMARK [1][]{section.6.7}{\376\377\0006\000.\0007\000\040\000R\000Q\0005\000:\000\040\000D\000o\000e\000s\000\040\0004\000D\000\040\000C\000o\000n\000t\000e\000x\000t\000-\000A\000w\000a\000r\000e\000\040\000T\000h\000r\000e\000s\000h\000o\000l\000d\000i\000n\000g\000\040\000R\000e\000d\000u\000c\000e\000\040\000F\000P\000R\000?\000\040\000[\000E\000x\000p\000\040\0009\000,\000\040\0001\0000\000]}{chapter.6}% 71
\BOOKMARK [2][]{subsection.6.7.1}{\376\377\0006\000.\0007\000.\0001\000\040\000E\000x\000p\000e\000r\000i\000m\000e\000n\000t\000\040\0009\000:\000\040\000C\000o\000n\000t\000e\000x\000t\000-\000A\000w\000a\000r\000e\000\040\000v\000s\000\040\000G\000l\000o\000b\000a\000l\000\040\000T\000h\000r\000e\000s\000h\000o\000l\000d\000s}{section.6.7}% 72
\BOOKMARK [2][]{subsection.6.7.2}{\376\377\0006\000.\0007\000.\0002\000\040\000E\000x\000p\000e\000r\000i\000m\000e\000n\000t\000\040\0001\0000\000:\000\040\000T\000e\000m\000p\000o\000r\000a\000l\000\040\000V\000a\000l\000i\000d\000a\000t\000i\000o\000n}{section.6.7}% 73
\BOOKMARK [1][]{section.6.8}{\376\377\0006\000.\0008\000\040\000A\000d\000d\000i\000t\000i\000o\000n\000a\000l\000\040\000V\000a\000l\000i\000d\000a\000t\000i\000o\000n\000\040\000E\000x\000p\000e\000r\000i\000m\000e\000n\000t\000s\000\040\000[\000E\000x\000p\000\040\0005\000,\000\040\0001\0001\000,\000\040\0001\0002\000,\000\040\0001\0003\000]}{chapter.6}% 74
\BOOKMARK [2][]{subsection.6.8.1}{\376\377\0006\000.\0008\000.\0001\000\040\000E\000x\000p\000e\000r\000i\000m\000e\000n\000t\000\040\0005\000:\000\040\000B\000u\000s\000i\000n\000e\000s\000s\000\040\000R\000u\000l\000e\000s\000\040\000E\000f\000f\000e\000c\000t\000i\000v\000e\000n\000e\000s\000s}{section.6.8}% 75
\BOOKMARK [2][]{subsection.6.8.2}{\376\377\0006\000.\0008\000.\0002\000\040\000E\000x\000p\000e\000r\000i\000m\000e\000n\000t\000\040\0001\0001\000:\000\040\000F\000i\000x\000e\000d\000-\000R\000u\000l\000e\000\040\000B\000a\000s\000e\000l\000i\000n\000e\000\040\000C\000o\000m\000p\000a\000r\000i\000s\000o\000n}{section.6.8}% 76
\BOOKMARK [2][]{subsection.6.8.3}{\376\377\0006\000.\0008\000.\0003\000\040\000E\000x\000p\000e\000r\000i\000m\000e\000n\000t\000\040\0001\0002\000:\000\040\000M\000i\000n\000I\000O\000\040\000W\000r\000i\000t\000e\000\040\000P\000e\000r\000f\000o\000r\000m\000a\000n\000c\000e}{section.6.8}% 77
\BOOKMARK [2][]{subsection.6.8.4}{\376\377\0006\000.\0008\000.\0004\000\040\000E\000x\000p\000e\000r\000i\000m\000e\000n\000t\000\040\0001\0003\000:\000\040\000G\000r\000a\000f\000a\000n\000a\000\040\000D\000a\000s\000h\000b\000o\000a\000r\000d\000\040\000U\000s\000a\000b\000i\000l\000i\000t\000y}{section.6.8}% 78
\BOOKMARK [1][]{section.6.9}{\376\377\0006\000.\0009\000\040\000C\000h\000a\000p\000t\000e\000r\000\040\000S\000u\000m\000m\000a\000r\000y}{chapter.6}% 79
\BOOKMARK [0][]{chapter.7}{\376\377\0007\000\040\000C\000O\000N\000C\000L\000U\000S\000I\000O\000N\000\040\000\046\000\040\000F\000U\000T\000U\000R\000E\000\040\000W\000O\000R\000K}{}% 80
\BOOKMARK [1][]{section.7.1}{\376\377\0007\000.\0001\000\040\000S\000u\000m\000m\000a\000r\000y\000\040\000o\000f\000\040\000C\000o\000n\000t\000r\000i\000b\000u\000t\000i\000o\000n\000s}{chapter.7}% 81
\BOOKMARK [2][]{subsection.7.1.1}{\376\377\0007\000.\0001\000.\0001\000\040\000C\000o\000n\000t\000r\000i\000b\000u\000t\000i\000o\000n\000\040\0001\000:\000\040\0004\000D\000\040\000C\000o\000n\000t\000e\000x\000t\000-\000A\000w\000a\000r\000e\000\040\000T\000h\000r\000e\000s\000h\000o\000l\000d\000i\000n\000g\000\040\000F\000r\000a\000m\000e\000w\000o\000r\000k\000\040\000[\000R\000Q\0005\000]}{section.7.1}% 82
\BOOKMARK [2][]{subsection.7.1.2}{\376\377\0007\000.\0001\000.\0002\000\040\000C\000o\000n\000t\000r\000i\000b\000u\000t\000i\000o\000n\000\040\0002\000:\000\040\000R\000e\000n\000d\000e\000z\000v\000o\000u\000s\000\040\000P\000i\000p\000e\000l\000i\000n\000e\000\040\000A\000r\000c\000h\000i\000t\000e\000c\000t\000u\000r\000e\000\040\000[\000R\000Q\0004\000]}{section.7.1}% 83
\BOOKMARK [2][]{subsection.7.1.3}{\376\377\0007\000.\0001\000.\0003\000\040\000C\000o\000n\000t\000r\000i\000b\000u\000t\000i\000o\000n\000\040\0003\000:\000\040\000I\000n\000t\000e\000l\000l\000i\000g\000e\000n\000t\000\040\000E\000v\000o\000l\000u\000t\000i\000o\000n\000\040\000C\000o\000n\000t\000r\000o\000l\000l\000e\000r\000\040\000w\000i\000t\000h\000\040\0004\000\040\000A\000d\000a\000p\000t\000a\000t\000i\000o\000n\000\040\000S\000t\000r\000a\000t\000e\000g\000i\000e\000s\000\040\000[\000R\000Q\0003\000]}{section.7.1}% 84
\BOOKMARK [2][]{subsection.7.1.4}{\376\377\0007\000.\0001\000.\0004\000\040\000C\000o\000n\000t\000r\000i\000b\000u\000t\000i\000o\000n\000\040\0004\000:\000\040\000O\000n\000l\000i\000n\000e\000\040\000A\000u\000t\000o\000e\000n\000c\000o\000d\000e\000r\000\040\000+\000\040\000M\000e\000m\000o\000r\000y\000\040\000M\000o\000d\000u\000l\000e\000\040\000[\000R\000Q\0002\000]}{section.7.1}% 85
\BOOKMARK [1][]{section.7.2}{\376\377\0007\000.\0002\000\040\000H\000y\000p\000o\000t\000h\000e\000s\000i\000s\000\040\000V\000a\000l\000i\000d\000a\000t\000i\000o\000n}{chapter.7}% 86
\BOOKMARK [2][]{subsection.7.2.1}{\376\377\0007\000.\0002\000.\0001\000\040\000H\0001\000:\000\040\000M\000u\000l\000t\000i\000-\000L\000a\000y\000e\000r\000\040\000C\000o\000v\000e\000r\000a\000g\000e}{section.7.2}% 87
\BOOKMARK [2][]{subsection.7.2.2}{\376\377\0007\000.\0002\000.\0002\000\040\000H\0002\000:\000\040\000O\000n\000l\000i\000n\000e\000\040\000A\000u\000t\000o\000e\000n\000c\000o\000d\000e\000r\000\040\000+\000\040\000M\000e\000m\000o\000r\000y\000\040\000M\000o\000d\000u\000l\000e\000\040\000v\000s\000.\000\040\000B\000a\000s\000e\000l\000i\000n\000e\000s}{section.7.2}% 88
\BOOKMARK [2][]{subsection.7.2.3}{\376\377\0007\000.\0002\000.\0003\000\040\000H\0003\000a\000-\000d\000:\000\040\000I\000E\000C\000\040\000A\000d\000a\000p\000t\000a\000t\000i\000o\000n\000\040\000S\000t\000r\000a\000t\000e\000g\000i\000e\000s}{section.7.2}% 89
\BOOKMARK [2][]{subsection.7.2.4}{\376\377\0007\000.\0002\000.\0004\000\040\000H\0004\000:\000\040\000R\000e\000n\000d\000e\000z\000v\000o\000u\000s\000\040\000P\000e\000r\000f\000o\000r\000m\000a\000n\000c\000e}{section.7.2}% 90
\BOOKMARK [2][]{subsection.7.2.5}{\376\377\0007\000.\0002\000.\0005\000\040\000H\0005\000:\000\040\0004\000D\000\040\000T\000h\000r\000e\000s\000h\000o\000l\000d\000s\000\040\000v\000s\000.\000\040\000G\000l\000o\000b\000a\000l}{section.7.2}% 91
\BOOKMARK [1][]{section.7.3}{\376\377\0007\000.\0003\000\040\000L\000i\000m\000i\000t\000a\000t\000i\000o\000n\000s}{chapter.7}% 92
\BOOKMARK [2][]{subsection.7.3.1}{\376\377\0007\000.\0003\000.\0001\000\040\000L\000i\000m\000i\000t\000a\000t\000i\000o\000n\000\040\0001\000:\000\040\000S\000i\000n\000g\000l\000e\000-\000D\000o\000m\000a\000i\000n\000\040\000V\000a\000l\000i\000d\000a\000t\000i\000o\000n}{section.7.3}% 93
\BOOKMARK [2][]{subsection.7.3.2}{\376\377\0007\000.\0003\000.\0002\000\040\000L\000i\000m\000i\000t\000a\000t\000i\000o\000n\000\040\0002\000:\000\040\000S\000u\000p\000e\000r\000v\000i\000s\000e\000d\000\040\000G\000r\000o\000u\000n\000d\000\040\000T\000r\000u\000t\000h}{section.7.3}% 94
\BOOKMARK [2][]{subsection.7.3.3}{\376\377\0007\000.\0003\000.\0003\000\040\000L\000i\000m\000i\000t\000a\000t\000i\000o\000n\000\040\0003\000:\000\040\000N\000o\000\040\000A\000n\000o\000m\000a\000l\000y\000\040\000E\000x\000p\000l\000a\000n\000a\000t\000i\000o\000n}{section.7.3}% 95
\BOOKMARK [2][]{subsection.7.3.4}{\376\377\0007\000.\0003\000.\0004\000\040\000L\000i\000m\000i\000t\000a\000t\000i\000o\000n\000\040\0004\000:\000\040\000S\000i\000n\000g\000l\000e\000-\000R\000e\000g\000i\000o\000n\000\040\000D\000e\000p\000l\000o\000y\000m\000e\000n\000t}{section.7.3}% 96
\BOOKMARK [1][]{section.7.4}{\376\377\0007\000.\0004\000\040\000F\000u\000t\000u\000r\000e\000\040\000W\000o\000r\000k}{chapter.7}% 97
\BOOKMARK [2][]{subsection.7.4.1}{\376\377\0007\000.\0004\000.\0001\000\040\000F\000u\000t\000u\000r\000e\000\040\000D\000i\000r\000e\000c\000t\000i\000o\000n\000\040\0001\000:\000\040\000M\000u\000l\000t\000i\000-\000D\000o\000m\000a\000i\000n\000\040\000V\000a\000l\000i\000d\000a\000t\000i\000o\000n}{section.7.4}% 98
\BOOKMARK [2][]{subsection.7.4.2}{\376\377\0007\000.\0004\000.\0002\000\040\000F\000u\000t\000u\000r\000e\000\040\000D\000i\000r\000e\000c\000t\000i\000o\000n\000\040\0002\000:\000\040\000A\000d\000v\000a\000n\000c\000e\000d\000\040\000D\000e\000e\000p\000\040\000L\000e\000a\000r\000n\000i\000n\000g\000\040\000I\000n\000t\000e\000g\000r\000a\000t\000i\000o\000n}{section.7.4}% 99
\BOOKMARK [2][]{subsection.7.4.3}{\376\377\0007\000.\0004\000.\0003\000\040\000F\000u\000t\000u\000r\000e\000\040\000D\000i\000r\000e\000c\000t\000i\000o\000n\000\040\0003\000:\000\040\000M\000e\000m\000o\000r\000y\000\040\000M\000o\000d\000u\000l\000e\000\040\000O\000p\000t\000i\000m\000i\000z\000a\000t\000i\000o\000n}{section.7.4}% 100
\BOOKMARK [2][]{subsection.7.4.4}{\376\377\0007\000.\0004\000.\0004\000\040\000F\000u\000t\000u\000r\000e\000\040\000D\000i\000r\000e\000c\000t\000i\000o\000n\000\040\0004\000:\000\040\000A\000n\000o\000m\000a\000l\000y\000\040\000E\000x\000p\000l\000a\000n\000a\000t\000i\000o\000n\000\040\000v\000i\000a\000\040\000R\000e\000c\000o\000n\000s\000t\000r\000u\000c\000t\000i\000o\000n\000\040\000A\000n\000a\000l\000y\000s\000i\000s}{section.7.4}% 101
\BOOKMARK [1][]{section.7.5}{\376\377\0007\000.\0005\000\040\000C\000o\000n\000c\000l\000u\000d\000i\000n\000g\000\040\000R\000e\000m\000a\000r\000k\000s}{chapter.7}% 102
\BOOKMARK [0][]{section.7.5}{\376\377\000R\000E\000F\000E\000R\000E\000N\000C\000E\000S}{}% 103
