\BOOKMARK [0][]{chapter.1}{\376\377\0001\000\040\000I\000N\000T\000R\000O\000D\000U\000C\000T\000I\000O\000N}{}% 1
\BOOKMARK [1][]{section.1.1}{\376\377\0001\000.\0001\000\040\000R\000e\000s\000e\000a\000r\000c\000h\000\040\000M\000o\000t\000i\000v\000a\000t\000i\000o\000n}{chapter.1}% 2
\BOOKMARK [1][]{section.1.2}{\376\377\0001\000.\0002\000\040\000G\000a\000p\000s\000\040\000i\000n\000\040\000C\000u\000r\000r\000e\000n\000t\000\040\000R\000e\000s\000e\000a\000r\000c\000h}{chapter.1}% 3
\BOOKMARK [1][]{section.1.3}{\376\377\0001\000.\0003\000\040\000E\000x\000p\000e\000c\000t\000e\000d\000\040\000S\000y\000s\000t\000e\000m}{chapter.1}% 4
\BOOKMARK [1][]{section.1.4}{\376\377\0001\000.\0004\000\040\000O\000b\000j\000e\000c\000t\000i\000v\000e\000s\000\040\000a\000n\000d\000\040\000C\000o\000n\000t\000e\000n\000t\000s}{chapter.1}% 5
\BOOKMARK [1][]{section.1.5}{\376\377\0001\000.\0005\000\040\000K\000e\000y\000\040\000C\000o\000n\000t\000r\000i\000b\000u\000t\000i\000o\000n\000s}{chapter.1}% 6
\BOOKMARK [1][]{section.1.6}{\376\377\0001\000.\0006\000\040\000T\000h\000e\000s\000i\000s\000\040\000O\000r\000g\000a\000n\000i\000z\000a\000t\000i\000o\000n}{chapter.1}% 7
\BOOKMARK [0][]{chapter.2}{\376\377\0002\000\040\000I\000N\000T\000R\000O\000D\000U\000C\000T\000I\000O\000N}{}% 8
\BOOKMARK [1][]{section.2.1}{\376\377\0002\000.\0001\000\040\000O\000v\000e\000r\000v\000i\000e\000w}{chapter.2}% 9
\BOOKMARK [1][]{section.2.2}{\376\377\0002\000.\0002\000\040\000S\000t\000r\000e\000a\000m\000i\000n\000g\000\040\000D\000a\000t\000a\000\040\000P\000r\000o\000c\000e\000s\000s\000i\000n\000g}{chapter.2}% 10
\BOOKMARK [2][]{subsection.2.2.1}{\376\377\0002\000.\0002\000.\0001\000\040\000A\000p\000a\000c\000h\000e\000\040\000K\000a\000f\000k\000a\000:\000\040\000E\000v\000e\000n\000t\000\040\000S\000t\000r\000e\000a\000m\000i\000n\000g\000\040\000P\000l\000a\000t\000f\000o\000r\000m}{section.2.2}% 11
\BOOKMARK [2][]{subsection.2.2.2}{\376\377\0002\000.\0002\000.\0002\000\040\000A\000p\000a\000c\000h\000e\000\040\000F\000l\000i\000n\000k\000:\000\040\000S\000t\000a\000t\000e\000f\000u\000l\000\040\000S\000t\000r\000e\000a\000m\000\040\000P\000r\000o\000c\000e\000s\000s\000i\000n\000g}{section.2.2}% 12
\BOOKMARK [1][]{section.2.3}{\376\377\0002\000.\0003\000\040\000M\000L\000O\000p\000s\000:\000\040\000M\000a\000c\000h\000i\000n\000e\000\040\000L\000e\000a\000r\000n\000i\000n\000g\000\040\000O\000p\000e\000r\000a\000t\000i\000o\000n\000s}{chapter.2}% 13
\BOOKMARK [2][]{subsection.2.3.1}{\376\377\0002\000.\0003\000.\0001\000\040\000M\000L\000O\000p\000s\000\040\000M\000a\000t\000u\000r\000i\000t\000y\000\040\000L\000e\000v\000e\000l\000s}{section.2.3}% 14
\BOOKMARK [1][]{section.2.4}{\376\377\0002\000.\0004\000\040\000D\000A\000M\000A\000-\000D\000M\000B\000O\000K\000\040\000D\000a\000t\000a\000\040\000Q\000u\000a\000l\000i\000t\000y\000\040\000D\000i\000m\000e\000n\000s\000i\000o\000n\000s}{chapter.2}% 15
\BOOKMARK [1][]{section.2.5}{\376\377\0002\000.\0005\000\040\000R\000e\000l\000a\000t\000e\000d\000\040\000W\000o\000r\000k\000s}{chapter.2}% 16
\BOOKMARK [2][]{subsection.2.5.1}{\376\377\0002\000.\0005\000.\0001\000\040\000C\000o\000n\000t\000e\000x\000t\000-\000A\000w\000a\000r\000e\000\040\000D\000a\000t\000a\000\040\000Q\000u\000a\000l\000i\000t\000y}{section.2.5}% 17
\BOOKMARK [2][]{subsection.2.5.2}{\376\377\0002\000.\0005\000.\0002\000\040\000R\000e\000n\000d\000e\000z\000v\000o\000u\000s\000\040\000a\000n\000d\000\040\000F\000o\000r\000k\000-\000J\000o\000i\000n\000\040\000P\000a\000t\000t\000e\000r\000n\000s}{section.2.5}% 18
\BOOKMARK [2][]{subsection.2.5.3}{\376\377\0002\000.\0005\000.\0003\000\040\000D\000r\000i\000f\000t\000\040\000D\000e\000t\000e\000c\000t\000i\000o\000n}{section.2.5}% 19
\BOOKMARK [2][]{subsection.2.5.4}{\376\377\0002\000.\0005\000.\0004\000\040\000M\000L\000-\000B\000a\000s\000e\000d\000\040\000A\000n\000o\000m\000a\000l\000y\000\040\000D\000e\000t\000e\000c\000t\000i\000o\000n}{section.2.5}% 20
\BOOKMARK [1][]{section.2.6}{\376\377\0002\000.\0006\000\040\000C\000h\000a\000p\000t\000e\000r\000\040\000S\000u\000m\000m\000a\000r\000y}{chapter.2}% 21
\BOOKMARK [0][]{chapter.3}{\376\377\0003\000\040\000B\000A\000C\000K\000G\000R\000O\000U\000N\000D\000\040\000A\000N\000D\000\040\000R\000E\000L\000A\000T\000E\000D\000\040\000W\000O\000R\000K\000S}{}% 22
\BOOKMARK [1][]{section.3.1}{\376\377\0003\000.\0001\000\040\000I\000n\000t\000r\000o\000d\000u\000c\000t\000i\000o\000n}{chapter.3}% 23
\BOOKMARK [1][]{section.3.2}{\376\377\0003\000.\0002\000\040\000R\000e\000s\000e\000a\000r\000c\000h\000\040\000G\000a\000p\000s}{chapter.3}% 24
\BOOKMARK [2][]{subsection.3.2.1}{\376\377\0003\000.\0002\000.\0001\000\040\000G\000a\000p\000\040\0001\000:\000\040\000C\000o\000n\000t\000e\000x\000t\000\040\000C\000o\000l\000l\000a\000p\000s\000e\000\040\000i\000n\000\040\000H\000e\000t\000e\000r\000o\000g\000e\000n\000e\000o\000u\000s\000\040\000D\000a\000t\000a}{section.3.2}% 25
\BOOKMARK [2][]{subsection.3.2.2}{\376\377\0003\000.\0002\000.\0002\000\040\000G\000a\000p\000\040\0002\000:\000\040\000S\000e\000q\000u\000e\000n\000t\000i\000a\000l\000\040\000P\000i\000p\000e\000l\000i\000n\000e\000s\000\040\000U\000n\000d\000e\000r\000u\000t\000i\000l\000i\000z\000e\000\040\000H\000e\000t\000e\000r\000o\000g\000e\000n\000e\000o\000u\000s\000\040\000V\000a\000l\000i\000d\000a\000t\000i\000o\000n\000\040\000C\000o\000m\000p\000l\000e\000x\000i\000t\000y}{section.3.2}% 26
\BOOKMARK [2][]{subsection.3.2.3}{\376\377\0003\000.\0002\000.\0003\000\040\000G\000a\000p\000\040\0003\000:\000\040\000S\000i\000n\000g\000l\000e\000-\000S\000t\000r\000a\000t\000e\000g\000y\000\040\000D\000r\000i\000f\000t\000\040\000A\000d\000a\000p\000t\000a\000t\000i\000o\000n\000\040\000F\000a\000i\000l\000s\000\040\000t\000o\000\040\000D\000i\000f\000f\000e\000r\000e\000n\000t\000i\000a\000t\000e\000\040\000D\000r\000i\000f\000t\000\040\000S\000e\000v\000e\000r\000i\000t\000y}{section.3.2}% 27
\BOOKMARK [2][]{subsection.3.2.4}{\376\377\0003\000.\0002\000.\0004\000\040\000Q\000u\000a\000l\000i\000t\000a\000t\000i\000v\000e\000\040\000C\000o\000m\000p\000a\000r\000i\000s\000o\000n\000\040\000w\000i\000t\000h\000\040\000E\000x\000i\000s\000t\000i\000n\000g\000\040\000D\000Q\000\040\000F\000r\000a\000m\000e\000w\000o\000r\000k\000s}{section.3.2}% 28
\BOOKMARK [2][]{subsection.3.2.5}{\376\377\0003\000.\0002\000.\0005\000\040\000G\000r\000o\000u\000n\000d\000\040\000T\000r\000u\000t\000h\000\040\000a\000n\000d\000\040\000E\000v\000a\000l\000u\000a\000t\000i\000o\000n\000\040\000M\000e\000t\000h\000o\000d\000o\000l\000o\000g\000y}{section.3.2}% 29
\BOOKMARK [1][]{section.3.3}{\376\377\0003\000.\0003\000\040\000R\000e\000s\000e\000a\000r\000c\000h\000\040\000Q\000u\000e\000s\000t\000i\000o\000n\000s}{chapter.3}% 30
\BOOKMARK [2][]{subsection.3.3.1}{\376\377\0003\000.\0003\000.\0001\000\040\000R\000Q\0001\000:\000\040\000M\000u\000l\000t\000i\000-\000L\000a\000y\000e\000r\000\040\000V\000a\000l\000i\000d\000a\000t\000i\000o\000n}{section.3.3}% 31
\BOOKMARK [2][]{subsection.3.3.2}{\376\377\0003\000.\0003\000.\0002\000\040\000R\000Q\0002\000:\000\040\000H\000y\000b\000r\000i\000d\000\040\000K\000-\000M\000e\000a\000n\000s\000\040\000+\000\040\000s\000k\000l\000e\000a\000r\000n\000\040\000I\000s\000o\000l\000a\000t\000i\000o\000n\000F\000o\000r\000e\000s\000t\000\040\000M\000o\000d\000e\000l}{section.3.3}% 32
\BOOKMARK [2][]{subsection.3.3.3}{\376\377\0003\000.\0003\000.\0003\000\040\000R\000Q\0003\000:\000\040\000I\000E\000C\000\040\000M\000u\000l\000t\000i\000-\000S\000t\000r\000a\000t\000e\000g\000y\000\040\000A\000d\000a\000p\000t\000a\000t\000i\000o\000n}{section.3.3}% 33
\BOOKMARK [2][]{subsection.3.3.4}{\376\377\0003\000.\0003\000.\0004\000\040\000R\000Q\0004\000:\000\040\000R\000e\000n\000d\000e\000z\000v\000o\000u\000s\000\040\000P\000i\000p\000e\000l\000i\000n\000e\000\040\000A\000r\000c\000h\000i\000t\000e\000c\000t\000u\000r\000e}{section.3.3}% 34
\BOOKMARK [2][]{subsection.3.3.5}{\376\377\0003\000.\0003\000.\0005\000\040\000R\000Q\0005\000:\000\040\0004\000D\000\040\000C\000o\000n\000t\000e\000x\000t\000-\000A\000w\000a\000r\000e\000\040\000T\000h\000r\000e\000s\000h\000o\000l\000d\000i\000n\000g}{section.3.3}% 35
\BOOKMARK [1][]{section.3.4}{\376\377\0003\000.\0004\000\040\000R\000e\000s\000e\000a\000r\000c\000h\000\040\000H\000y\000p\000o\000t\000h\000e\000s\000e\000s}{chapter.3}% 36
\BOOKMARK [1][]{section.3.5}{\376\377\0003\000.\0005\000\040\000C\000h\000a\000p\000t\000e\000r\000\040\000S\000u\000m\000m\000a\000r\000y}{chapter.3}% 37
\BOOKMARK [0][]{chapter.4}{\376\377\0004\000\040\000P\000R\000O\000B\000L\000E\000M\000\040\000D\000E\000F\000I\000N\000I\000T\000I\000O\000N\000\040\000A\000N\000D\000\040\000R\000E\000S\000E\000A\000R\000C\000H\000\040\000Q\000U\000E\000S\000T\000I\000O\000N\000S}{}% 38
\BOOKMARK [1][]{section.4.1}{\376\377\0004\000.\0001\000\040\000O\000v\000e\000r\000v\000i\000e\000w}{chapter.4}% 39
\BOOKMARK [1][]{section.4.2}{\376\377\0004\000.\0002\000\040\000I\000n\000n\000o\000v\000a\000t\000i\000o\000n\000\040\0001\000:\000\040\0004\000D\000\040\000C\000o\000n\000t\000e\000x\000t\000-\000A\000w\000a\000r\000e\000\040\000T\000h\000r\000e\000s\000h\000o\000l\000d\000i\000n\000g\000\040\000[\000R\000Q\0005\000]}{chapter.4}% 40
\BOOKMARK [2][]{subsection.4.2.1}{\376\377\0004\000.\0002\000.\0001\000\040\000P\000r\000o\000b\000l\000e\000m\000:\000\040\000G\000l\000o\000b\000a\000l\000\040\000T\000h\000r\000e\000s\000h\000o\000l\000d\000s\000\040\000F\000a\000i\000l\000\040\000f\000o\000r\000\040\000H\000e\000t\000e\000r\000o\000g\000e\000n\000e\000o\000u\000s\000\040\000D\000a\000t\000a}{section.4.2}% 41
\BOOKMARK [2][]{subsection.4.2.2}{\376\377\0004\000.\0002\000.\0002\000\040\000S\000o\000l\000u\000t\000i\000o\000n\000:\000\040\0004\000D\000\040\000C\000o\000n\000t\000e\000x\000t\000-\000A\000w\000a\000r\000e\000\040\000T\000h\000r\000e\000s\000h\000o\000l\000d\000\040\000M\000a\000t\000r\000i\000x}{section.4.2}% 42
\BOOKMARK [2][]{subsection.4.2.3}{\376\377\0004\000.\0002\000.\0003\000\040\000T\000h\000r\000e\000s\000h\000o\000l\000d\000\040\000C\000o\000m\000p\000u\000t\000a\000t\000i\000o\000n\000\040\000A\000l\000g\000o\000r\000i\000t\000h\000m}{section.4.2}% 43
\BOOKMARK [2][]{subsection.4.2.4}{\376\377\0004\000.\0002\000.\0004\000\040\000S\000p\000a\000r\000s\000e\000\040\000C\000e\000l\000l\000\040\000A\000n\000a\000l\000y\000s\000i\000s\000\040\000a\000n\000d\000\040\000W\000e\000i\000g\000h\000t\000e\000d\000\040\000F\000P\000R\000\040\000R\000e\000p\000o\000r\000t\000i\000n\000g}{section.4.2}% 44
\BOOKMARK [2][]{subsection.4.2.5}{\376\377\0004\000.\0002\000.\0005\000\040\000I\000n\000t\000e\000g\000r\000a\000t\000i\000o\000n\000\040\000w\000i\000t\000h\000\040\000H\000y\000b\000r\000i\000d\000\040\000M\000L\000\040\000M\000o\000d\000e\000l}{section.4.2}% 45
\BOOKMARK [2][]{subsection.4.2.6}{\376\377\0004\000.\0002\000.\0006\000\040\000R\000e\000s\000e\000a\000r\000c\000h\000\040\000C\000o\000n\000t\000r\000i\000b\000u\000t\000i\000o\000n}{section.4.2}% 46
\BOOKMARK [1][]{section.4.3}{\376\377\0004\000.\0003\000\040\000I\000n\000n\000o\000v\000a\000t\000i\000o\000n\000\040\0002\000:\000\040\000R\000e\000n\000d\000e\000z\000v\000o\000u\000s\000\040\000P\000i\000p\000e\000l\000i\000n\000e\000\040\000A\000r\000c\000h\000i\000t\000e\000c\000t\000u\000r\000e\000\040\000[\000R\000Q\0004\000]}{chapter.4}% 47
\BOOKMARK [2][]{subsection.4.3.1}{\376\377\0004\000.\0003\000.\0001\000\040\000P\000r\000o\000b\000l\000e\000m\000:\000\040\000W\000h\000y\000\040\000L\000i\000n\000e\000a\000r\000\040\000P\000i\000p\000e\000l\000i\000n\000e\000s\000\040\000F\000a\000i\000l}{section.4.3}% 48
\BOOKMARK [2][]{subsection.4.3.2}{\376\377\0004\000.\0003\000.\0002\000\040\000S\000o\000l\000u\000t\000i\000o\000n\000:\000\040\000F\000o\000r\000k\000-\000J\000o\000i\000n\000\040\000P\000a\000r\000a\000l\000l\000e\000l\000i\000s\000m\000\040\000\050\000R\000e\000n\000d\000e\000z\000v\000o\000u\000s\000\040\000P\000a\000t\000t\000e\000r\000n\000\051}{section.4.3}% 49
\BOOKMARK [2][]{subsection.4.3.3}{\376\377\0004\000.\0003\000.\0003\000\040\000D\000e\000s\000i\000g\000n\000\040\000P\000r\000o\000p\000e\000r\000t\000i\000e\000s\000\040\000a\000n\000d\000\040\000G\000u\000a\000r\000a\000n\000t\000e\000e\000s}{section.4.3}% 50
\BOOKMARK [2][]{subsection.4.3.4}{\376\377\0004\000.\0003\000.\0004\000\040\000E\000a\000r\000l\000y\000\040\000E\000x\000i\000t\000\040\000O\000p\000t\000i\000m\000i\000z\000a\000t\000i\000o\000n\000\040\000\050\000F\000o\000r\000k\000\040\000B\000y\000p\000a\000s\000s\000\051\000\040\000a\000n\000d\000\040\000T\000o\000t\000a\000l\000\040\000B\000y\000p\000a\000s\000s\000\040\000R\000a\000t\000e}{section.4.3}% 51
\BOOKMARK [2][]{subsection.4.3.5}{\376\377\0004\000.\0003\000.\0005\000\040\000R\000e\000s\000e\000a\000r\000c\000h\000\040\000C\000o\000n\000t\000r\000i\000b\000u\000t\000i\000o\000n}{section.4.3}% 52
\BOOKMARK [1][]{section.4.4}{\376\377\0004\000.\0004\000\040\000I\000n\000n\000o\000v\000a\000t\000i\000o\000n\000\040\0003\000:\000\040\000I\000n\000t\000e\000l\000l\000i\000g\000e\000n\000t\000\040\000E\000v\000o\000l\000u\000t\000i\000o\000n\000\040\000C\000o\000n\000t\000r\000o\000l\000l\000e\000r\000\040\000\050\000I\000E\000C\000\051\000\040\000[\000R\000Q\0003\000]}{chapter.4}% 53
\BOOKMARK [2][]{subsection.4.4.1}{\376\377\0004\000.\0004\000.\0001\000\040\000P\000r\000o\000b\000l\000e\000m\000:\000\040\000T\000r\000a\000d\000i\000t\000i\000o\000n\000a\000l\000\040\000A\000D\000W\000I\000N\000\040\000i\000s\000\040\000S\000i\000n\000g\000l\000e\000-\000S\000t\000r\000a\000t\000e\000g\000y}{section.4.4}% 54
\BOOKMARK [2][]{subsection.4.4.2}{\376\377\0004\000.\0004\000.\0002\000\040\000S\000o\000l\000u\000t\000i\000o\000n\000:\000\040\000M\000u\000l\000t\000i\000-\000S\000t\000r\000a\000t\000e\000g\000y\000\040\000I\000n\000t\000e\000l\000l\000i\000g\000e\000n\000t\000\040\000E\000v\000o\000l\000u\000t\000i\000o\000n\000\040\000C\000o\000n\000t\000r\000o\000l\000l\000e\000r}{section.4.4}% 55
\BOOKMARK [2][]{subsection.4.4.3}{\376\377\0004\000.\0004\000.\0003\000\040\000D\000r\000i\000f\000t\000\040\000S\000c\000e\000n\000a\000r\000i\000o\000\040\000C\000l\000a\000s\000s\000i\000f\000i\000c\000a\000t\000i\000o\000n}{section.4.4}% 56
\BOOKMARK [2][]{subsection.4.4.4}{\376\377\0004\000.\0004\000.\0004\000\040\000M\000u\000l\000t\000i\000-\000S\000i\000g\000n\000a\000l\000\040\000D\000r\000i\000f\000t\000\040\000D\000e\000t\000e\000c\000t\000i\000o\000n}{section.4.4}% 57
\BOOKMARK [2][]{subsection.4.4.5}{\376\377\0004\000.\0004\000.\0005\000\040\000S\000e\000q\000u\000e\000n\000t\000i\000a\000l\000\040\000F\000a\000l\000l\000b\000a\000c\000k\000\040\000P\000r\000o\000t\000o\000c\000o\000l}{section.4.4}% 58
\BOOKMARK [2][]{subsection.4.4.6}{\376\377\0004\000.\0004\000.\0006\000\040\000I\000E\000C\000\040\0003\000-\000T\000i\000e\000r\000\040\000S\000e\000l\000f\000-\000A\000d\000a\000p\000t\000a\000t\000i\000o\000n\000\040\000P\000r\000o\000t\000o\000c\000o\000l}{section.4.4}% 59
\BOOKMARK [2][]{subsection.4.4.7}{\376\377\0004\000.\0004\000.\0007\000\040\000R\000e\000s\000e\000a\000r\000c\000h\000\040\000C\000o\000n\000t\000r\000i\000b\000u\000t\000i\000o\000n}{section.4.4}% 60
\BOOKMARK [1][]{section.4.5}{\376\377\0004\000.\0005\000\040\000I\000n\000n\000o\000v\000a\000t\000i\000o\000n\000\040\0004\000:\000\040\000H\000y\000b\000r\000i\000d\000\040\000K\000-\000M\000e\000a\000n\000s\000\040\000+\000\040\000s\000k\000l\000e\000a\000r\000n\000\040\000I\000s\000o\000l\000a\000t\000i\000o\000n\000F\000o\000r\000e\000s\000t\000\040\000M\000o\000d\000e\000l\000\040\000[\000R\000Q\0002\000]}{chapter.4}% 61
\BOOKMARK [2][]{subsection.4.5.1}{\376\377\0004\000.\0005\000.\0001\000\040\000P\000r\000o\000b\000l\000e\000m\000:\000\040\000B\000a\000s\000i\000c\000\040\000I\000s\000o\000l\000a\000t\000i\000o\000n\000\040\000F\000o\000r\000e\000s\000t\000\040\000L\000a\000c\000k\000s\000\040\000C\000o\000n\000t\000e\000x\000t\000\040\000A\000w\000a\000r\000e\000n\000e\000s\000s}{section.4.5}% 62
\BOOKMARK [2][]{subsection.4.5.2}{\376\377\0004\000.\0005\000.\0002\000\040\000S\000o\000l\000u\000t\000i\000o\000n\000:\000\040\000H\000y\000b\000r\000i\000d\000\040\000K\000-\000M\000e\000a\000n\000s\000\040\000+\000\040\000s\000k\000l\000e\000a\000r\000n\000\040\000I\000s\000o\000l\000a\000t\000i\000o\000n\000F\000o\000r\000e\000s\000t\000\040\000A\000r\000c\000h\000i\000t\000e\000c\000t\000u\000r\000e}{section.4.5}% 63
\BOOKMARK [2][]{subsection.4.5.3}{\376\377\0004\000.\0005\000.\0003\000\040\000S\000p\000a\000t\000i\000o\000-\000T\000e\000m\000p\000o\000r\000a\000l\000\040\000F\000e\000a\000t\000u\000r\000e\000\040\000E\000n\000g\000i\000n\000e\000e\000r\000i\000n\000g}{section.4.5}% 64
\BOOKMARK [2][]{subsection.4.5.4}{\376\377\0004\000.\0005\000.\0004\000\040\000P\000y\000F\000l\000i\000n\000k\000\040\000D\000e\000p\000l\000o\000y\000m\000e\000n\000t\000\040\000w\000i\000t\000h\000\040\000B\000r\000o\000a\000d\000c\000a\000s\000t\000\040\000S\000t\000a\000t\000e\000\040\000M\000o\000d\000e\000l\000\040\000D\000i\000s\000t\000r\000i\000b\000u\000t\000i\000o\000n}{section.4.5}% 65
\BOOKMARK [2][]{subsection.4.5.5}{\376\377\0004\000.\0005\000.\0005\000\040\000R\000e\000s\000e\000a\000r\000c\000h\000\040\000C\000o\000n\000t\000r\000i\000b\000u\000t\000i\000o\000n}{section.4.5}% 66
\BOOKMARK [1][]{section.4.6}{\376\377\0004\000.\0006\000\040\000C\000h\000a\000p\000t\000e\000r\000\040\000S\000u\000m\000m\000a\000r\000y}{chapter.4}% 67
\BOOKMARK [0][]{chapter.5}{\376\377\0005\000\040\000C\000O\000R\000E\000\040\000I\000N\000N\000O\000V\000A\000T\000I\000O\000N\000S}{}% 68
\BOOKMARK [1][]{section.5.1}{\376\377\0005\000.\0001\000\040\000S\000y\000s\000t\000e\000m\000\040\000O\000v\000e\000r\000v\000i\000e\000w}{chapter.5}% 69
\BOOKMARK [2][]{subsection.5.1.1}{\376\377\0005\000.\0001\000.\0001\000\040\000I\000n\000f\000r\000a\000s\000t\000r\000u\000c\000t\000u\000r\000e\000\040\000L\000a\000y\000e\000r\000s}{section.5.1}% 70
\BOOKMARK [2][]{subsection.5.1.2}{\376\377\0005\000.\0001\000.\0002\000\040\000P\000r\000o\000c\000e\000s\000s\000i\000n\000g\000\040\000P\000i\000p\000e\000l\000i\000n\000e\000\040\000O\000v\000e\000r\000v\000i\000e\000w}{section.5.1}% 71
\BOOKMARK [2][]{subsection.5.1.3}{\376\377\0005\000.\0001\000.\0003\000\040\000C\000o\000l\000d\000-\000S\000t\000a\000r\000t\000\040\000M\000o\000d\000e\000l\000\040\000T\000r\000a\000i\000n\000i\000n\000g\000\040\000\050\000O\000f\000f\000l\000i\000n\000e\000\040\000P\000h\000a\000s\000e\000\051}{section.5.1}% 72
\BOOKMARK [1][]{section.5.2}{\376\377\0005\000.\0002\000\040\000F\000o\000u\000r\000-\000L\000a\000y\000e\000r\000\040\000P\000r\000o\000c\000e\000s\000s\000i\000n\000g\000\040\000P\000i\000p\000e\000l\000i\000n\000e}{chapter.5}% 73
\BOOKMARK [2][]{subsection.5.2.1}{\376\377\0005\000.\0002\000.\0001\000\040\000D\000a\000t\000a\000s\000e\000t\000-\000S\000p\000e\000c\000i\000f\000i\000c\000\040\000C\000h\000a\000l\000l\000e\000n\000g\000e\000s\000:\000\040\000W\000h\000y\000\040\000N\000Y\000C\000\040\000T\000a\000x\000i\000\040\000R\000e\000q\000u\000i\000r\000e\000s\000\040\000C\000o\000n\000t\000e\000x\000t\000-\000A\000w\000a\000r\000e\000\040\000D\000Q}{section.5.2}% 74
\BOOKMARK [2][]{subsection.5.2.2}{\376\377\0005\000.\0002\000.\0002\000\040\000L\000a\000y\000e\000r\000\040\0001\000:\000\040\000S\000c\000h\000e\000m\000a\000\040\000F\000i\000l\000t\000e\000r\000\040\000\046\000\040\000D\000e\000d\000u\000p\000l\000i\000c\000a\000t\000i\000o\000n}{section.5.2}% 75
\BOOKMARK [2][]{subsection.5.2.3}{\376\377\0005\000.\0002\000.\0003\000\040\000L\000a\000y\000e\000r\000\040\0002\000a\000:\000\040\000C\000a\000n\000a\000r\000y\000\040\000B\000r\000a\000n\000c\000h\000\040\000\050\000R\000u\000l\000e\000-\000B\000a\000s\000e\000d\000\051}{section.5.2}% 76
\BOOKMARK [2][]{subsection.5.2.4}{\376\377\0005\000.\0002\000.\0004\000\040\000L\000a\000y\000e\000r\000\040\0002\000b\000:\000\040\000C\000o\000m\000p\000l\000e\000x\000\040\000B\000r\000a\000n\000c\000h\000\040\000\050\000M\000L\000-\000B\000a\000s\000e\000d\000\051}{section.5.2}% 77
\BOOKMARK [2][]{subsection.5.2.5}{\376\377\0005\000.\0002\000.\0005\000\040\000L\000a\000y\000e\000r\000\040\0003\000:\000\040\000M\000e\000t\000a\000A\000g\000g\000r\000e\000g\000a\000t\000o\000r\000\040\000\050\000R\000e\000n\000d\000e\000z\000v\000o\000u\000s\000\040\000P\000o\000i\000n\000t\000\051}{section.5.2}% 78
\BOOKMARK [2][]{subsection.5.2.6}{\376\377\0005\000.\0002\000.\0006\000\040\000L\000a\000y\000e\000r\000\040\0004\000:\000\040\000I\000n\000t\000e\000l\000l\000i\000g\000e\000n\000t\000\040\000E\000v\000o\000l\000u\000t\000i\000o\000n\000\040\000C\000o\000n\000t\000r\000o\000l\000l\000e\000r\000\040\000\050\000I\000E\000C\000\051}{section.5.2}% 79
\BOOKMARK [2][]{subsection.5.2.7}{\376\377\0005\000.\0002\000.\0007\000\040\000I\000E\000C\000\040\000A\000c\000t\000i\000o\000n\000\040\000E\000x\000e\000c\000u\000t\000i\000o\000n\000\040\000L\000a\000y\000e\000r}{section.5.2}% 80
\BOOKMARK [1][]{section.5.3}{\376\377\0005\000.\0003\000\040\000I\000n\000f\000r\000a\000s\000t\000r\000u\000c\000t\000u\000r\000e}{chapter.5}% 81
\BOOKMARK [2][]{subsection.5.3.1}{\376\377\0005\000.\0003\000.\0001\000\040\000A\000p\000a\000c\000h\000e\000\040\000F\000l\000i\000n\000k\000\040\000R\000u\000n\000t\000i\000m\000e}{section.5.3}% 82
\BOOKMARK [2][]{subsection.5.3.2}{\376\377\0005\000.\0003\000.\0002\000\040\000A\000p\000a\000c\000h\000e\000\040\000K\000a\000f\000k\000a\000\040\000T\000o\000p\000i\000c\000s}{section.5.3}% 83
\BOOKMARK [2][]{subsection.5.3.3}{\376\377\0005\000.\0003\000.\0003\000\040\000P\000o\000s\000t\000g\000r\000e\000S\000Q\000L\000\040\000D\000a\000t\000a\000\040\000S\000t\000o\000r\000a\000g\000e}{section.5.3}% 84
\BOOKMARK [2][]{subsection.5.3.4}{\376\377\0005\000.\0003\000.\0004\000\040\000P\000r\000o\000m\000e\000t\000h\000e\000u\000s\000\040\000\046\000\040\000G\000r\000a\000f\000a\000n\000a\000\040\000M\000o\000n\000i\000t\000o\000r\000i\000n\000g}{section.5.3}% 85
\BOOKMARK [2][]{subsection.5.3.5}{\376\377\0005\000.\0003\000.\0005\000\040\000O\000b\000j\000e\000c\000t\000\040\000S\000t\000o\000r\000a\000g\000e\000\040\000\050\000M\000i\000n\000I\000O\000\051\000\040\000f\000o\000r\000\040\000C\000h\000e\000c\000k\000p\000o\000i\000n\000t\000i\000n\000g}{section.5.3}% 86
\BOOKMARK [2][]{subsection.5.3.6}{\376\377\0005\000.\0003\000.\0006\000\040\000C\000o\000n\000t\000r\000o\000l\000\040\000P\000l\000a\000n\000e\000\040\000\050\000F\000a\000s\000t\000A\000P\000I\000\040\000\046\000\040\000M\000L\000f\000l\000o\000w\000\051}{section.5.3}% 87
\BOOKMARK [1][]{section.5.4}{\376\377\0005\000.\0004\000\040\000O\000p\000t\000i\000m\000i\000z\000a\000t\000i\000o\000n\000\040\000T\000e\000c\000h\000n\000i\000q\000u\000e\000s}{chapter.5}% 88
\BOOKMARK [2][]{subsection.5.4.1}{\376\377\0005\000.\0004\000.\0001\000\040\000B\000r\000e\000a\000k\000i\000n\000g\000\040\000P\000y\000t\000h\000o\000n\000\040\000G\000I\000L\000\040\000w\000i\000t\000h\000\040\000P\000y\000F\000l\000i\000n\000k\000\040\000V\000e\000c\000t\000o\000r\000i\000z\000e\000d\000\040\000U\000D\000F\000s}{section.5.4}% 89
\BOOKMARK [2][]{subsection.5.4.2}{\376\377\0005\000.\0004\000.\0002\000\040\000D\000a\000t\000a\000b\000a\000s\000e\000\040\000C\000o\000n\000n\000e\000c\000t\000i\000o\000n\000\040\000P\000o\000o\000l\000i\000n\000g\000\040\000w\000i\000t\000h\000\040\000P\000g\000B\000o\000u\000n\000c\000e\000r}{section.5.4}% 90
\BOOKMARK [1][]{section.5.5}{\376\377\0005\000.\0005\000\040\000M\000L\000O\000p\000s\000\040\000I\000n\000t\000e\000g\000r\000a\000t\000i\000o\000n}{chapter.5}% 91
\BOOKMARK [2][]{subsection.5.5.1}{\376\377\0005\000.\0005\000.\0001\000\040\000M\000L\000f\000l\000o\000w\000\040\000E\000x\000p\000e\000r\000i\000m\000e\000n\000t\000\040\000T\000r\000a\000c\000k\000i\000n\000g}{section.5.5}% 92
\BOOKMARK [2][]{subsection.5.5.2}{\376\377\0005\000.\0005\000.\0002\000\040\000M\000o\000d\000e\000l\000\040\000R\000e\000g\000i\000s\000t\000r\000y\000\040\000\046\000\040\000L\000i\000f\000e\000c\000y\000c\000l\000e\000\040\000M\000a\000n\000a\000g\000e\000m\000e\000n\000t}{section.5.5}% 93
\BOOKMARK [2][]{subsection.5.5.3}{\376\377\0005\000.\0005\000.\0003\000\040\000C\000I\000/\000C\000D\000\040\000P\000i\000p\000e\000l\000i\000n\000e}{section.5.5}% 94
\BOOKMARK [1][]{section.5.6}{\376\377\0005\000.\0006\000\040\000C\000h\000a\000p\000t\000e\000r\000\040\000S\000u\000m\000m\000a\000r\000y}{chapter.5}% 95
\BOOKMARK [0][]{chapter.6}{\376\377\0006\000\040\000S\000Y\000S\000T\000E\000M\000\040\000A\000R\000C\000H\000I\000T\000E\000C\000T\000U\000R\000E\000\040\000\046\000\040\000I\000M\000P\000L\000E\000M\000E\000N\000T\000A\000T\000I\000O\000N}{}% 96
\BOOKMARK [1][]{section.6.1}{\376\377\0006\000.\0001\000\040\000O\000v\000e\000r\000v\000i\000e\000w}{chapter.6}% 97
\BOOKMARK [1][]{section.6.2}{\376\377\0006\000.\0002\000\040\000E\000x\000p\000e\000r\000i\000m\000e\000n\000t\000\040\000E\000n\000v\000i\000r\000o\000n\000m\000e\000n\000t}{chapter.6}% 98
\BOOKMARK [1][]{section.6.3}{\376\377\0006\000.\0003\000\040\000R\000Q\0001\000:\000\040\000D\000o\000e\000s\000\040\000M\000u\000l\000t\000i\000-\000L\000a\000y\000e\000r\000\040\000V\000a\000l\000i\000d\000a\000t\000i\000o\000n\000\040\000I\000m\000p\000r\000o\000v\000e\000\040\000C\000o\000v\000e\000r\000a\000g\000e\000?\000\040\000[\000E\000x\000p\000\040\0001\000,\000\040\0002\000]}{chapter.6}% 99
\BOOKMARK [2][]{subsection.6.3.1}{\376\377\0006\000.\0003\000.\0001\000\040\000E\000x\000p\000e\000r\000i\000m\000e\000n\000t\000\040\0001\000:\000\040\000F\000o\000u\000r\000-\000S\000t\000a\000g\000e\000\040\000L\000a\000y\000e\000r\000\040\000C\000o\000v\000e\000r\000a\000g\000e\000\040\000A\000n\000a\000l\000y\000s\000i\000s}{section.6.3}% 100
\BOOKMARK [2][]{subsection.6.3.2}{\376\377\0006\000.\0003\000.\0002\000\040\000E\000x\000p\000e\000r\000i\000m\000e\000n\000t\000\040\0002\000:\000\040\000A\000b\000l\000a\000t\000i\000o\000n\000\040\000S\000t\000u\000d\000y}{section.6.3}% 101
\BOOKMARK [1][]{section.6.4}{\376\377\0006\000.\0004\000\040\000R\000Q\0002\000:\000\040\000D\000o\000e\000s\000\040\000H\000y\000b\000r\000i\000d\000\040\000K\000-\000M\000e\000a\000n\000s\000\040\000+\000\040\000s\000k\000l\000e\000a\000r\000n\000\040\000I\000s\000o\000l\000a\000t\000i\000o\000n\000F\000o\000r\000e\000s\000t\000\040\000O\000u\000t\000p\000e\000r\000f\000o\000r\000m\000\040\000B\000a\000s\000e\000l\000i\000n\000e\000s\000?\000\040\000[\000E\000x\000p\000\040\0003\000,\000\040\0004\000]}{chapter.6}% 102
\BOOKMARK [2][]{subsection.6.4.1}{\376\377\0006\000.\0004\000.\0001\000\040\000E\000x\000p\000e\000r\000i\000m\000e\000n\000t\000\040\0003\000:\000\040\000I\000s\000o\000l\000a\000t\000i\000o\000n\000\040\000F\000o\000r\000e\000s\000t\000\040\000A\000n\000o\000m\000a\000l\000y\000\040\000D\000e\000t\000e\000c\000t\000i\000o\000n}{section.6.4}% 103
\BOOKMARK [2][]{subsection.6.4.2}{\376\377\0006\000.\0004\000.\0002\000\040\000E\000x\000p\000e\000r\000i\000m\000e\000n\000t\000\040\0004\000:\000\040\000C\000o\000m\000p\000a\000r\000i\000s\000o\000n\000\040\000w\000i\000t\000h\000\040\000E\000x\000i\000s\000t\000i\000n\000g\000\040\000D\000Q\000\040\000T\000o\000o\000l\000s}{section.6.4}% 104
\BOOKMARK [1][]{section.6.5}{\376\377\0006\000.\0005\000\040\000R\000Q\0003\000:\000\040\000D\000o\000e\000s\000\040\000I\000E\000C\000\040\000M\000u\000l\000t\000i\000-\000S\000t\000r\000a\000t\000e\000g\000y\000\040\000A\000d\000a\000p\000t\000a\000t\000i\000o\000n\000\040\000M\000a\000i\000n\000t\000a\000i\000n\000\040\000A\000c\000c\000u\000r\000a\000c\000y\000?\000\040\000[\000E\000x\000p\000\040\0006\000]}{chapter.6}% 105
\BOOKMARK [2][]{subsection.6.5.1}{\376\377\0006\000.\0005\000.\0001\000\040\000E\000x\000p\000e\000r\000i\000m\000e\000n\000t\000\040\0006\000:\000\040\000A\000D\000W\000I\000N\000\040\000D\000r\000i\000f\000t\000\040\000D\000e\000t\000e\000c\000t\000i\000o\000n\000\040\000E\000f\000f\000e\000c\000t\000i\000v\000e\000n\000e\000s\000s}{section.6.5}% 106
\BOOKMARK [1][]{section.6.6}{\376\377\0006\000.\0006\000\040\000R\000Q\0004\000:\000\040\000D\000o\000e\000s\000\040\000R\000e\000n\000d\000e\000z\000v\000o\000u\000s\000\040\000A\000r\000c\000h\000i\000t\000e\000c\000t\000u\000r\000e\000\040\000I\000m\000p\000r\000o\000v\000e\000\040\000P\000e\000r\000f\000o\000r\000m\000a\000n\000c\000e\000?\000\040\000[\000E\000x\000p\000\040\0007\000,\000\040\0008\000]}{chapter.6}% 107
\BOOKMARK [2][]{subsection.6.6.1}{\376\377\0006\000.\0006\000.\0001\000\040\000E\000x\000p\000e\000r\000i\000m\000e\000n\000t\000\040\0007\000:\000\040\000R\000e\000n\000d\000e\000z\000v\000o\000u\000s\000\040\000v\000s\000\040\000L\000i\000n\000e\000a\000r\000\040\000P\000i\000p\000e\000l\000i\000n\000e}{section.6.6}% 108
\BOOKMARK [2][]{subsection.6.6.2}{\376\377\0006\000.\0006\000.\0002\000\040\000E\000x\000p\000e\000r\000i\000m\000e\000n\000t\000\040\0008\000:\000\040\000E\000n\000d\000-\000t\000o\000-\000E\000n\000d\000\040\000T\000h\000r\000o\000u\000g\000h\000p\000u\000t\000\040\000B\000e\000n\000c\000h\000m\000a\000r\000k}{section.6.6}% 109
\BOOKMARK [1][]{section.6.7}{\376\377\0006\000.\0007\000\040\000R\000Q\0005\000:\000\040\000D\000o\000e\000s\000\040\0004\000D\000\040\000C\000o\000n\000t\000e\000x\000t\000-\000A\000w\000a\000r\000e\000\040\000T\000h\000r\000e\000s\000h\000o\000l\000d\000i\000n\000g\000\040\000R\000e\000d\000u\000c\000e\000\040\000F\000P\000R\000?\000\040\000[\000E\000x\000p\000\040\0009\000,\000\040\0001\0000\000]}{chapter.6}% 110
\BOOKMARK [2][]{subsection.6.7.1}{\376\377\0006\000.\0007\000.\0001\000\040\000E\000x\000p\000e\000r\000i\000m\000e\000n\000t\000\040\0009\000:\000\040\000C\000o\000n\000t\000e\000x\000t\000-\000A\000w\000a\000r\000e\000\040\000v\000s\000\040\000G\000l\000o\000b\000a\000l\000\040\000T\000h\000r\000e\000s\000h\000o\000l\000d\000s}{section.6.7}% 111
\BOOKMARK [2][]{subsection.6.7.2}{\376\377\0006\000.\0007\000.\0002\000\040\000E\000x\000p\000e\000r\000i\000m\000e\000n\000t\000\040\0001\0000\000:\000\040\000T\000e\000m\000p\000o\000r\000a\000l\000\040\000V\000a\000l\000i\000d\000a\000t\000i\000o\000n}{section.6.7}% 112
\BOOKMARK [1][]{section.6.8}{\376\377\0006\000.\0008\000\040\000A\000d\000d\000i\000t\000i\000o\000n\000a\000l\000\040\000V\000a\000l\000i\000d\000a\000t\000i\000o\000n\000\040\000E\000x\000p\000e\000r\000i\000m\000e\000n\000t\000s\000\040\000[\000E\000x\000p\000\040\0005\000,\000\040\0001\0001\000,\000\040\0001\0002\000,\000\040\0001\0003\000]}{chapter.6}% 113
\BOOKMARK [2][]{subsection.6.8.1}{\376\377\0006\000.\0008\000.\0001\000\040\000E\000x\000p\000e\000r\000i\000m\000e\000n\000t\000\040\0005\000:\000\040\000B\000u\000s\000i\000n\000e\000s\000s\000\040\000R\000u\000l\000e\000s\000\040\000E\000f\000f\000e\000c\000t\000i\000v\000e\000n\000e\000s\000s}{section.6.8}% 114
\BOOKMARK [2][]{subsection.6.8.2}{\376\377\0006\000.\0008\000.\0002\000\040\000E\000x\000p\000e\000r\000i\000m\000e\000n\000t\000\040\0001\0001\000:\000\040\000F\000i\000x\000e\000d\000-\000R\000u\000l\000e\000\040\000B\000a\000s\000e\000l\000i\000n\000e\000\040\000C\000o\000m\000p\000a\000r\000i\000s\000o\000n}{section.6.8}% 115
\BOOKMARK [2][]{subsection.6.8.3}{\376\377\0006\000.\0008\000.\0003\000\040\000E\000x\000p\000e\000r\000i\000m\000e\000n\000t\000\040\0001\0002\000:\000\040\000P\000o\000s\000t\000g\000r\000e\000S\000Q\000L\000\040\000W\000r\000i\000t\000e\000\040\000P\000e\000r\000f\000o\000r\000m\000a\000n\000c\000e}{section.6.8}% 116
\BOOKMARK [2][]{subsection.6.8.4}{\376\377\0006\000.\0008\000.\0004\000\040\000E\000x\000p\000e\000r\000i\000m\000e\000n\000t\000\040\0001\0003\000:\000\040\000G\000r\000a\000f\000a\000n\000a\000\040\000D\000a\000s\000h\000b\000o\000a\000r\000d\000\040\000U\000s\000a\000b\000i\000l\000i\000t\000y}{section.6.8}% 117
\BOOKMARK [1][]{section.6.9}{\376\377\0006\000.\0009\000\040\000C\000h\000a\000p\000t\000e\000r\000\040\000S\000u\000m\000m\000a\000r\000y}{chapter.6}% 118
\BOOKMARK [0][]{chapter.7}{\376\377\0007\000\040\000E\000X\000P\000E\000R\000I\000M\000E\000N\000T\000S\000\040\000\046\000\040\000E\000V\000A\000L\000U\000A\000T\000I\000O\000N}{}% 119
\BOOKMARK [1][]{section.7.1}{\376\377\0007\000.\0001\000\040\000S\000u\000m\000m\000a\000r\000y\000\040\000o\000f\000\040\000C\000o\000n\000t\000r\000i\000b\000u\000t\000i\000o\000n\000s}{chapter.7}% 120
\BOOKMARK [2][]{subsection.7.1.1}{\376\377\0007\000.\0001\000.\0001\000\040\000C\000o\000n\000t\000r\000i\000b\000u\000t\000i\000o\000n\000\040\0001\000:\000\040\0004\000D\000\040\000C\000o\000n\000t\000e\000x\000t\000-\000A\000w\000a\000r\000e\000\040\000T\000h\000r\000e\000s\000h\000o\000l\000d\000i\000n\000g\000\040\000F\000r\000a\000m\000e\000w\000o\000r\000k\000\040\000[\000R\000Q\0005\000]}{section.7.1}% 121
\BOOKMARK [2][]{subsection.7.1.2}{\376\377\0007\000.\0001\000.\0002\000\040\000C\000o\000n\000t\000r\000i\000b\000u\000t\000i\000o\000n\000\040\0002\000:\000\040\000R\000e\000n\000d\000e\000z\000v\000o\000u\000s\000\040\000P\000i\000p\000e\000l\000i\000n\000e\000\040\000A\000r\000c\000h\000i\000t\000e\000c\000t\000u\000r\000e\000\040\000[\000R\000Q\0004\000]}{section.7.1}% 122
\BOOKMARK [2][]{subsection.7.1.3}{\376\377\0007\000.\0001\000.\0003\000\040\000C\000o\000n\000t\000r\000i\000b\000u\000t\000i\000o\000n\000\040\0003\000:\000\040\000I\000n\000t\000e\000l\000l\000i\000g\000e\000n\000t\000\040\000E\000v\000o\000l\000u\000t\000i\000o\000n\000\040\000C\000o\000n\000t\000r\000o\000l\000l\000e\000r\000\040\000\050\000I\000E\000C\000\051\000\040\000[\000R\000Q\0003\000]}{section.7.1}% 123
\BOOKMARK [2][]{subsection.7.1.4}{\376\377\0007\000.\0001\000.\0004\000\040\000C\000o\000n\000t\000r\000i\000b\000u\000t\000i\000o\000n\000\040\0004\000:\000\040\000H\000y\000b\000r\000i\000d\000\040\000K\000-\000M\000e\000a\000n\000s\000\040\000+\000\040\000s\000k\000l\000e\000a\000r\000n\000\040\000I\000s\000o\000l\000a\000t\000i\000o\000n\000F\000o\000r\000e\000s\000t\000\040\000M\000o\000d\000e\000l\000\040\000[\000R\000Q\0002\000]}{section.7.1}% 124
\BOOKMARK [1][]{section.7.2}{\376\377\0007\000.\0002\000\040\000V\000a\000l\000i\000d\000a\000t\000i\000o\000n\000\040\000o\000f\000\040\000R\000e\000s\000e\000a\000r\000c\000h\000\040\000H\000y\000p\000o\000t\000h\000e\000s\000e\000s}{chapter.7}% 125
\BOOKMARK [1][]{section.7.3}{\376\377\0007\000.\0003\000\040\000L\000i\000m\000i\000t\000a\000t\000i\000o\000n\000s}{chapter.7}% 126
\BOOKMARK [2][]{subsection.7.3.1}{\376\377\0007\000.\0003\000.\0001\000\040\000D\000o\000m\000a\000i\000n\000\040\000S\000p\000e\000c\000i\000f\000i\000c\000i\000t\000y}{section.7.3}% 127
\BOOKMARK [2][]{subsection.7.3.2}{\376\377\0007\000.\0003\000.\0002\000\040\000H\000y\000b\000r\000i\000d\000\040\000B\000a\000t\000c\000h\000/\000S\000t\000r\000e\000a\000m\000i\000n\000g\000\040\000A\000r\000c\000h\000i\000t\000e\000c\000t\000u\000r\000e}{section.7.3}% 128
\BOOKMARK [2][]{subsection.7.3.3}{\376\377\0007\000.\0003\000.\0003\000\040\000F\000e\000a\000t\000u\000r\000e\000\040\000E\000n\000g\000i\000n\000e\000e\000r\000i\000n\000g\000\040\000D\000e\000p\000e\000n\000d\000e\000n\000c\000y}{section.7.3}% 129
\BOOKMARK [2][]{subsection.7.3.4}{\376\377\0007\000.\0003\000.\0004\000\040\000C\000o\000m\000p\000u\000t\000a\000t\000i\000o\000n\000a\000l\000\040\000C\000o\000s\000t\000\040\000o\000f\000\040\000M\000E\000T\000E\000R\000\040\000A\000d\000a\000p\000t\000a\000t\000i\000o\000n}{section.7.3}% 130
\BOOKMARK [2][]{subsection.7.3.5}{\376\377\0007\000.\0003\000.\0005\000\040\000D\000i\000s\000t\000r\000i\000b\000u\000t\000e\000d\000\040\000D\000e\000p\000l\000o\000y\000m\000e\000n\000t\000\040\000V\000a\000l\000i\000d\000a\000t\000i\000o\000n}{section.7.3}% 131
\BOOKMARK [2][]{subsection.7.3.6}{\376\377\0007\000.\0003\000.\0006\000\040\000L\000i\000m\000i\000t\000e\000d\000\040\000D\000r\000i\000f\000t\000\040\000T\000y\000p\000e\000s}{section.7.3}% 132
\BOOKMARK [1][]{section.7.4}{\376\377\0007\000.\0004\000\040\000F\000u\000t\000u\000r\000e\000\040\000W\000o\000r\000k}{chapter.7}% 133
\BOOKMARK [2][]{subsection.7.4.1}{\376\377\0007\000.\0004\000.\0001\000\040\000M\000u\000l\000t\000i\000-\000D\000o\000m\000a\000i\000n\000\040\000V\000a\000l\000i\000d\000a\000t\000i\000o\000n}{section.7.4}% 134
\BOOKMARK [2][]{subsection.7.4.2}{\376\377\0007\000.\0004\000.\0002\000\040\000D\000e\000e\000p\000\040\000L\000e\000a\000r\000n\000i\000n\000g\000\040\000I\000n\000t\000e\000g\000r\000a\000t\000i\000o\000n}{section.7.4}% 135
\BOOKMARK [2][]{subsection.7.4.3}{\376\377\0007\000.\0004\000.\0003\000\040\000F\000e\000d\000e\000r\000a\000t\000e\000d\000\040\000L\000e\000a\000r\000n\000i\000n\000g\000\040\000f\000o\000r\000\040\000M\000u\000l\000t\000i\000-\000T\000e\000n\000a\000n\000t\000\040\000D\000Q}{section.7.4}% 136
\BOOKMARK [2][]{subsection.7.4.4}{\376\377\0007\000.\0004\000.\0004\000\040\000A\000n\000o\000m\000a\000l\000y\000\040\000E\000x\000p\000l\000a\000n\000a\000t\000i\000o\000n\000\040\000v\000i\000a\000\040\000I\000n\000t\000r\000i\000n\000s\000i\000c\000\040\000S\000t\000r\000u\000c\000t\000u\000r\000e}{section.7.4}% 137
\BOOKMARK [2][]{subsection.7.4.5}{\376\377\0007\000.\0004\000.\0005\000\040\000A\000c\000t\000i\000v\000e\000\040\000L\000e\000a\000r\000n\000i\000n\000g\000\040\000f\000o\000r\000\040\000A\000n\000o\000m\000a\000l\000y\000\040\000L\000a\000b\000e\000l\000i\000n\000g}{section.7.4}% 138
\BOOKMARK [2][]{subsection.7.4.6}{\376\377\0007\000.\0004\000.\0006\000\040\000R\000e\000a\000l\000-\000T\000i\000m\000e\000\040\000D\000a\000s\000h\000b\000o\000a\000r\000d\000\040\000w\000i\000t\000h\000\040\000D\000r\000i\000l\000l\000-\000D\000o\000w\000n}{section.7.4}% 139
\BOOKMARK [1][]{section.7.5}{\376\377\0007\000.\0005\000\040\000B\000r\000o\000a\000d\000e\000r\000\040\000I\000m\000p\000a\000c\000t}{chapter.7}% 140
\BOOKMARK [2][]{subsection.7.5.1}{\376\377\0007\000.\0005\000.\0001\000\040\000P\000r\000o\000d\000u\000c\000t\000i\000o\000n\000\040\000M\000L\000\040\000S\000y\000s\000t\000e\000m\000s}{section.7.5}% 141
\BOOKMARK [2][]{subsection.7.5.2}{\376\377\0007\000.\0005\000.\0002\000\040\000D\000a\000t\000a\000\040\000Q\000u\000a\000l\000i\000t\000y\000\040\000a\000s\000\040\000C\000o\000d\000e}{section.7.5}% 142
\BOOKMARK [2][]{subsection.7.5.3}{\376\377\0007\000.\0005\000.\0003\000\040\000R\000e\000g\000u\000l\000a\000t\000o\000r\000y\000\040\000C\000o\000m\000p\000l\000i\000a\000n\000c\000e}{section.7.5}% 143
\BOOKMARK [2][]{subsection.7.5.4}{\376\377\0007\000.\0005\000.\0004\000\040\000O\000p\000e\000n\000\040\000S\000o\000u\000r\000c\000e\000\040\000C\000o\000n\000t\000r\000i\000b\000u\000t\000i\000o\000n}{section.7.5}% 144
\BOOKMARK [1][]{section.7.6}{\376\377\0007\000.\0006\000\040\000C\000l\000o\000s\000i\000n\000g\000\040\000R\000e\000m\000a\000r\000k\000s}{chapter.7}% 145
\BOOKMARK [0][]{chapter.8}{\376\377\0008\000\040\000C\000O\000N\000C\000L\000U\000S\000I\000O\000N\000\040\000\046\000\040\000F\000U\000T\000U\000R\000E\000\040\000W\000O\000R\000K}{}% 146
\BOOKMARK [1][]{section.8.1}{\376\377\0008\000.\0001\000\040\000S\000u\000m\000m\000a\000r\000y\000\040\000o\000f\000\040\000C\000o\000n\000t\000r\000i\000b\000u\000t\000i\000o\000n\000s}{chapter.8}% 147
\BOOKMARK [2][]{subsection.8.1.1}{\376\377\0008\000.\0001\000.\0001\000\040\000C\000o\000n\000t\000r\000i\000b\000u\000t\000i\000o\000n\000\040\0001\000:\000\040\0004\000D\000\040\000C\000o\000n\000t\000e\000x\000t\000-\000A\000w\000a\000r\000e\000\040\000T\000h\000r\000e\000s\000h\000o\000l\000d\000i\000n\000g\000\040\000F\000r\000a\000m\000e\000w\000o\000r\000k\000\040\000[\000R\000Q\0005\000]}{section.8.1}% 148
\BOOKMARK [2][]{subsection.8.1.2}{\376\377\0008\000.\0001\000.\0002\000\040\000C\000o\000n\000t\000r\000i\000b\000u\000t\000i\000o\000n\000\040\0002\000:\000\040\000R\000e\000n\000d\000e\000z\000v\000o\000u\000s\000\040\000P\000i\000p\000e\000l\000i\000n\000e\000\040\000A\000r\000c\000h\000i\000t\000e\000c\000t\000u\000r\000e\000\040\000[\000R\000Q\0004\000]}{section.8.1}% 149
\BOOKMARK [2][]{subsection.8.1.3}{\376\377\0008\000.\0001\000.\0003\000\040\000C\000o\000n\000t\000r\000i\000b\000u\000t\000i\000o\000n\000\040\0003\000:\000\040\000I\000n\000t\000e\000l\000l\000i\000g\000e\000n\000t\000\040\000E\000v\000o\000l\000u\000t\000i\000o\000n\000\040\000C\000o\000n\000t\000r\000o\000l\000l\000e\000r\000\040\000w\000i\000t\000h\000\040\0004\000\040\000A\000d\000a\000p\000t\000a\000t\000i\000o\000n\000\040\000S\000t\000r\000a\000t\000e\000g\000i\000e\000s\000\040\000[\000R\000Q\0003\000]}{section.8.1}% 150
\BOOKMARK [2][]{subsection.8.1.4}{\376\377\0008\000.\0001\000.\0004\000\040\000C\000o\000n\000t\000r\000i\000b\000u\000t\000i\000o\000n\000\040\0004\000:\000\040\000H\000y\000b\000r\000i\000d\000\040\000K\000-\000M\000e\000a\000n\000s\000\040\000+\000\040\000s\000k\000l\000e\000a\000r\000n\000\040\000I\000s\000o\000l\000a\000t\000i\000o\000n\000F\000o\000r\000e\000s\000t\000\040\000[\000R\000Q\0002\000]}{section.8.1}% 151
\BOOKMARK [1][]{section.8.2}{\376\377\0008\000.\0002\000\040\000H\000y\000p\000o\000t\000h\000e\000s\000i\000s\000\040\000V\000a\000l\000i\000d\000a\000t\000i\000o\000n}{chapter.8}% 152
\BOOKMARK [2][]{subsection.8.2.1}{\376\377\0008\000.\0002\000.\0001\000\040\000H\0001\000:\000\040\000M\000u\000l\000t\000i\000-\000L\000a\000y\000e\000r\000\040\000C\000o\000v\000e\000r\000a\000g\000e}{section.8.2}% 153
\BOOKMARK [2][]{subsection.8.2.2}{\376\377\0008\000.\0002\000.\0002\000\040\000H\0002\000:\000\040\000H\000y\000b\000r\000i\000d\000\040\000M\000o\000d\000e\000l\000\040\000v\000s\000.\000\040\000B\000a\000s\000e\000l\000i\000n\000e\000s}{section.8.2}% 154
\BOOKMARK [2][]{subsection.8.2.3}{\376\377\0008\000.\0002\000.\0003\000\040\000H\0003\000a\000-\000d\000:\000\040\000I\000E\000C\000\040\000A\000d\000a\000p\000t\000a\000t\000i\000o\000n\000\040\000S\000t\000r\000a\000t\000e\000g\000i\000e\000s}{section.8.2}% 155
\BOOKMARK [2][]{subsection.8.2.4}{\376\377\0008\000.\0002\000.\0004\000\040\000H\0004\000:\000\040\000R\000e\000n\000d\000e\000z\000v\000o\000u\000s\000\040\000P\000e\000r\000f\000o\000r\000m\000a\000n\000c\000e}{section.8.2}% 156
\BOOKMARK [2][]{subsection.8.2.5}{\376\377\0008\000.\0002\000.\0005\000\040\000H\0005\000:\000\040\0004\000D\000\040\000T\000h\000r\000e\000s\000h\000o\000l\000d\000s\000\040\000v\000s\000.\000\040\000G\000l\000o\000b\000a\000l}{section.8.2}% 157
\BOOKMARK [1][]{section.8.3}{\376\377\0008\000.\0003\000\040\000L\000i\000m\000i\000t\000a\000t\000i\000o\000n\000s}{chapter.8}% 158
\BOOKMARK [2][]{subsection.8.3.1}{\376\377\0008\000.\0003\000.\0001\000\040\000L\000i\000m\000i\000t\000a\000t\000i\000o\000n\000\040\0001\000:\000\040\000S\000i\000n\000g\000l\000e\000-\000D\000o\000m\000a\000i\000n\000\040\000V\000a\000l\000i\000d\000a\000t\000i\000o\000n}{section.8.3}% 159
\BOOKMARK [2][]{subsection.8.3.2}{\376\377\0008\000.\0003\000.\0002\000\040\000L\000i\000m\000i\000t\000a\000t\000i\000o\000n\000\040\0002\000:\000\040\000S\000u\000p\000e\000r\000v\000i\000s\000e\000d\000\040\000G\000r\000o\000u\000n\000d\000\040\000T\000r\000u\000t\000h}{section.8.3}% 160
\BOOKMARK [2][]{subsection.8.3.3}{\376\377\0008\000.\0003\000.\0003\000\040\000L\000i\000m\000i\000t\000a\000t\000i\000o\000n\000\040\0003\000:\000\040\000N\000o\000\040\000A\000n\000o\000m\000a\000l\000y\000\040\000E\000x\000p\000l\000a\000n\000a\000t\000i\000o\000n}{section.8.3}% 161
\BOOKMARK [2][]{subsection.8.3.4}{\376\377\0008\000.\0003\000.\0004\000\040\000L\000i\000m\000i\000t\000a\000t\000i\000o\000n\000\040\0004\000:\000\040\000S\000i\000n\000g\000l\000e\000-\000R\000e\000g\000i\000o\000n\000\040\000D\000e\000p\000l\000o\000y\000m\000e\000n\000t}{section.8.3}% 162
\BOOKMARK [1][]{section.8.4}{\376\377\0008\000.\0004\000\040\000F\000u\000t\000u\000r\000e\000\040\000W\000o\000r\000k}{chapter.8}% 163
\BOOKMARK [2][]{subsection.8.4.1}{\376\377\0008\000.\0004\000.\0001\000\040\000F\000u\000t\000u\000r\000e\000\040\000D\000i\000r\000e\000c\000t\000i\000o\000n\000\040\0001\000:\000\040\000M\000u\000l\000t\000i\000-\000D\000o\000m\000a\000i\000n\000\040\000V\000a\000l\000i\000d\000a\000t\000i\000o\000n}{section.8.4}% 164
\BOOKMARK [2][]{subsection.8.4.2}{\376\377\0008\000.\0004\000.\0002\000\040\000F\000u\000t\000u\000r\000e\000\040\000D\000i\000r\000e\000c\000t\000i\000o\000n\000\040\0002\000:\000\040\000D\000e\000e\000p\000\040\000L\000e\000a\000r\000n\000i\000n\000g\000\040\000I\000n\000t\000e\000g\000r\000a\000t\000i\000o\000n}{section.8.4}% 165
\BOOKMARK [2][]{subsection.8.4.3}{\376\377\0008\000.\0004\000.\0003\000\040\000F\000u\000t\000u\000r\000e\000\040\000D\000i\000r\000e\000c\000t\000i\000o\000n\000\040\0003\000:\000\040\000F\000e\000d\000e\000r\000a\000t\000e\000d\000\040\000L\000e\000a\000r\000n\000i\000n\000g\000\040\000f\000o\000r\000\040\000P\000r\000i\000v\000a\000c\000y\000-\000P\000r\000e\000s\000e\000r\000v\000i\000n\000g\000\040\000D\000Q}{section.8.4}% 166
\BOOKMARK [2][]{subsection.8.4.4}{\376\377\0008\000.\0004\000.\0004\000\040\000F\000u\000t\000u\000r\000e\000\040\000D\000i\000r\000e\000c\000t\000i\000o\000n\000\040\0004\000:\000\040\000A\000n\000o\000m\000a\000l\000y\000\040\000E\000x\000p\000l\000a\000n\000a\000t\000i\000o\000n\000\040\000v\000i\000a\000\040\000I\000n\000t\000r\000i\000n\000s\000i\000c\000\040\000S\000t\000r\000u\000c\000t\000u\000r\000e}{section.8.4}% 167
\BOOKMARK [1][]{section.8.5}{\376\377\0008\000.\0005\000\040\000C\000o\000n\000c\000l\000u\000d\000i\000n\000g\000\040\000R\000e\000m\000a\000r\000k\000s}{chapter.8}% 168
\BOOKMARK [0][]{section.8.5}{\376\377\000R\000E\000F\000E\000R\000E\000N\000C\000E\000S}{}% 169
\BOOKMARK [0][]{appendix*.34}{\376\377\000A\000p\000p\000e\000n\000d\000i\000x\000\040\000A\000:\000\040\000E\000x\000p\000l\000o\000r\000a\000t\000o\000r\000y\000\040\000D\000a\000t\000a\000\040\000A\000n\000a\000l\000y\000s\000i\000s}{}% 170
\BOOKMARK [1][]{section.Alph0.1}{\376\377\000.\0001\000\040\000C\000a\000s\000e\000\040\000S\000t\000u\000d\000y\000:\000\040\000N\000Y\000C\000\040\000Y\000e\000l\000l\000o\000w\000\040\000T\000a\000x\000i\000\040\000D\000a\000t\000a\000s\000e\000t}{appendix*.34}% 171
\BOOKMARK [2][]{subsection.Alph0.1.1}{\376\377\000.\0001\000.\0001\000\040\000D\000a\000t\000a\000s\000e\000t\000\040\000S\000c\000h\000e\000m\000a}{section.Alph0.1}% 172
\BOOKMARK [2][]{subsection.Alph0.1.2}{\376\377\000.\0001\000.\0002\000\040\000D\000a\000t\000a\000\040\000V\000o\000l\000u\000m\000e\000\040\000a\000n\000d\000\040\000T\000e\000m\000p\000o\000r\000a\000l\000\040\000C\000o\000v\000e\000r\000a\000g\000e}{section.Alph0.1}% 173
\BOOKMARK [2][]{subsection.Alph0.1.3}{\376\377\000.\0001\000.\0003\000\040\000D\000a\000t\000a\000s\000e\000t\000\040\000S\000t\000a\000t\000i\000s\000t\000i\000c\000s\000\040\000a\000n\000d\000\040\000D\000i\000s\000t\000r\000i\000b\000u\000t\000i\000o\000n\000s}{section.Alph0.1}% 174
\BOOKMARK [2][]{subsection.Alph0.1.4}{\376\377\000.\0001\000.\0004\000\040\000V\000o\000l\000u\000m\000e\000\040\000P\000a\000t\000t\000e\000r\000n\000s\000\040\000b\000y\000\040\000T\000i\000m\000e\000\040\000a\000n\000d\000\040\000R\000a\000t\000e\000c\000o\000d\000e}{section.Alph0.1}% 175
\BOOKMARK [2][]{subsection.Alph0.1.5}{\376\377\000.\0001\000.\0005\000\040\000D\000a\000t\000a\000\040\000Q\000u\000a\000l\000i\000t\000y\000\040\000O\000b\000s\000e\000r\000v\000a\000t\000i\000o\000n\000s}{section.Alph0.1}% 176
\BOOKMARK [1][]{section.Alph0.2}{\376\377\000.\0002\000\040\000S\000c\000h\000e\000m\000a\000\040\000V\000a\000l\000i\000d\000a\000t\000i\000o\000n\000\040\000R\000e\000s\000u\000l\000t\000s\000\040\000\050\000L\000a\000y\000e\000r\000\040\0001\000\051}{appendix*.34}% 177
\BOOKMARK [1][]{section.Alph0.3}{\376\377\000.\0003\000\040\000B\000u\000s\000i\000n\000e\000s\000s\000\040\000R\000u\000l\000e\000s\000\040\000R\000e\000s\000u\000l\000t\000s\000\040\000\050\000L\000a\000y\000e\000r\000\040\0002\000\051}{appendix*.34}% 178
\BOOKMARK [1][]{section.Alph0.4}{\376\377\000.\0004\000\040\000M\000u\000l\000t\000i\000v\000a\000r\000i\000a\000t\000e\000\040\000A\000n\000o\000m\000a\000l\000i\000e\000s\000\040\000\050\000L\000a\000y\000e\000r\000\040\0003\000\051}{appendix*.34}% 179
